#
# There is insufficient memory for the Java Runtime Environment to continue.
# Native memory allocation (mmap) failed to map 201326592 bytes for Failed to commit area from 0x0000000741c00000 to 0x000000074dc00000 of length 201326592.
# Possible reasons:
#   The system is out of physical RAM or swap space
#   The process is running with CompressedOops enabled, and the Java Heap may be blocking the growth of the native heap
# Possible solutions:
#   Reduce memory load on the system
#   Increase physical memory or swap space
#   Check if swap backing store is full
#   Decrease Java heap size (-Xmx/-Xms)
#   Decrease number of Java threads
#   Decrease Java thread stack sizes (-Xss)
#   Set larger code cache with -XX:ReservedCodeCacheSize=
# This output file may be truncated or incomplete.
#
#  Out of Memory Error (./src/hotspot/os/windows/os_windows.cpp:3311), pid=1788, tid=12312
#
# JRE version:  (11.0.12+7) (build )
# Java VM: OpenJDK 64-Bit Server VM (11.0.12+7, mixed mode, sharing, tiered, compressed oops, g1 gc, windows-amd64)
# No core dump will be written. Minidumps are not enabled by default on client versions of Windows
#

---------------  S U M M A R Y ------------

Command Line: --module-path=D:/Library/Java/javafx-sdk-11.0.2/lib --add-modules=javafx.controls,javafx.fxml -Dfile.encoding=UTF-8 App

Host: Intel(R) Core(TM) i5-7200U CPU @ 2.50GHz, 4 cores, 11G,  Windows 10 , 64 bit Build 19041 (10.0.19041.1151)
Time: Wed Sep  8 20:31:13 2021 SE Asia Standard Time elapsed time: 0.060710 seconds (0d 0h 0m 0s)

---------------  T H R E A D  ---------------

Current thread (0x000001f3347b8800):  JavaThread "Unknown thread" [_thread_in_vm, id=12312, stack(0x000000cd72600000,0x000000cd72700000)]

Stack: [0x000000cd72600000,0x000000cd72700000]
Native frames: (J=compiled Java code, j=interpreted, Vv=VM code, C=native code)
V  [jvm.dll+0x601d0a]
V  [jvm.dll+0x78ab6e]
V  [jvm.dll+0x78c23f]
V  [jvm.dll+0x78c903]
V  [jvm.dll+0x24be68]
V  [jvm.dll+0x5feeaa]
V  [jvm.dll+0x5f3965]
V  [jvm.dll+0x303b0c]
V  [jvm.dll+0x303992]
V  [jvm.dll+0x3086b6]
V  [jvm.dll+0x34d57f]
V  [jvm.dll+0x34cfb0]
V  [jvm.dll+0x2e0c18]
V  [jvm.dll+0x2e1d76]
V  [jvm.dll+0x765ef7]
V  [jvm.dll+0x76767f]
V  [jvm.dll+0x35a309]
V  [jvm.dll+0x748f80]
V  [jvm.dll+0x3c1f3f]
V  [jvm.dll+0x3c4411]
C  [jli.dll+0x5207]
C  [ucrtbase.dll+0x21bb2]
C  [KERNEL32.DLL+0x17034]
C  [ntdll.dll+0x52651]


---------------  P R O C E S S  ---------------

Threads class SMR info:
_java_thread_list=0x000001f332de2300, length=0, elements={
}

Java Threads: ( => current thread )

Other Threads:
  0x000001f3347d1800 GCTaskThread "GC Thread#0" [stack: 0x000000cd72700000,0x000000cd72800000] [id=3704]
  0x000001f334818000 ConcurrentGCThread "G1 Main Marker" [stack: 0x000000cd72800000,0x000000cd72900000] [id=14084]
  0x000001f33481b800 ConcurrentGCThread "G1 Conc#0" [stack: 0x000000cd72900000,0x000000cd72a00000] [id=9296]

[error occurred during error reporting (printing all threads), id 0xc0000005, EXCEPTION_ACCESS_VIOLATION (0xc0000005) at pc=0x00007ffaa8b902e7]

VM state:not at safepoint (not fully initialized)

VM Mutex/Monitor currently owned by a thread:  ([mutex/lock_event])
[0x000001f3347b6680] Heap_lock - owner thread: 0x000001f3347b8800

Heap address: 0x0000000741c00000, size: 3044 MB, Compressed Oops mode: Non-zero based: 0x0000000741c00000
Narrow klass base: 0x0000000000000000, Narrow klass shift: 0

GC Heap History (0 events):
No events

Deoptimization events (0 events):
No events

Classes redefined (0 events):
No events

Internal exceptions (0 events):
No events

Events (1 events):
Event: 0.008 Loaded shared library C:\Program Files\AdoptOpenJDK\jdk-11.0.12+7-hotspot\bin\zip.dll


Dynamic libraries:
0x00007ff6b5ec0000 - 0x00007ff6b5ecd000 	C:\Program Files\AdoptOpenJDK\jdk-11.0.12+7-hotspot\bin\java.exe
0x00007ffb1ce50000 - 0x00007ffb1d045000 	C:\WINDOWS\SYSTEM32\ntdll.dll
0x00007ffb1b450000 - 0x00007ffb1b50d000 	C:\WINDOWS\System32\KERNEL32.DLL
0x00007ffb1a580000 - 0x00007ffb1a849000 	C:\WINDOWS\System32\KERNELBASE.dll
0x00007ffb1a850000 - 0x00007ffb1a950000 	C:\WINDOWS\System32\ucrtbase.dll
0x00007ffae2ea0000 - 0x00007ffae2eb5000 	C:\Program Files\AdoptOpenJDK\jdk-11.0.12+7-hotspot\bin\VCRUNTIME140.dll
0x00007ffaf4790000 - 0x00007ffaf47a7000 	C:\Program Files\AdoptOpenJDK\jdk-11.0.12+7-hotspot\bin\jli.dll
0x00007ffb1bbc0000 - 0x00007ffb1bd60000 	C:\WINDOWS\System32\USER32.dll
0x00007ffb1ac90000 - 0x00007ffb1acb2000 	C:\WINDOWS\System32\win32u.dll
0x00007ffb0cc30000 - 0x00007ffb0ceca000 	C:\WINDOWS\WinSxS\amd64_microsoft.windows.common-controls_6595b64144ccf1df_6.0.19041.1110_none_60b5254171f9507e\COMCTL32.dll
0x00007ffb1b390000 - 0x00007ffb1b3ba000 	C:\WINDOWS\System32\GDI32.dll
0x00007ffb1cc40000 - 0x00007ffb1ccde000 	C:\WINDOWS\System32\msvcrt.dll
0x00007ffb1aab0000 - 0x00007ffb1abbb000 	C:\WINDOWS\System32\gdi32full.dll
0x00007ffb1abf0000 - 0x00007ffb1ac8d000 	C:\WINDOWS\System32\msvcp_win.dll
0x00007ffb1ca80000 - 0x00007ffb1cab0000 	C:\WINDOWS\System32\IMM32.DLL
0x00007ffac0c30000 - 0x00007ffac0ccb000 	C:\Program Files\AdoptOpenJDK\jdk-11.0.12+7-hotspot\bin\msvcp140.dll
0x00007ffaa88a0000 - 0x00007ffaa93f9000 	C:\Program Files\AdoptOpenJDK\jdk-11.0.12+7-hotspot\bin\server\jvm.dll
0x00007ffb1b150000 - 0x00007ffb1b1fc000 	C:\WINDOWS\System32\ADVAPI32.dll
0x00007ffb1b5e0000 - 0x00007ffb1b67b000 	C:\WINDOWS\System32\sechost.dll
0x00007ffb1cce0000 - 0x00007ffb1ce0a000 	C:\WINDOWS\System32\RPCRT4.dll
0x00007ffb1b3c0000 - 0x00007ffb1b3c8000 	C:\WINDOWS\System32\PSAPI.DLL
0x00007ffb06750000 - 0x00007ffb06759000 	C:\WINDOWS\SYSTEM32\WSOCK32.dll
0x00007ffb0d140000 - 0x00007ffb0d167000 	C:\WINDOWS\SYSTEM32\WINMM.dll
0x00007ffb11b30000 - 0x00007ffb11b3a000 	C:\WINDOWS\SYSTEM32\VERSION.dll
0x00007ffb1b510000 - 0x00007ffb1b57b000 	C:\WINDOWS\System32\WS2_32.dll
0x00007ffb18e60000 - 0x00007ffb18e72000 	C:\WINDOWS\SYSTEM32\kernel.appcore.dll
0x00007ffb14c40000 - 0x00007ffb14c50000 	C:\Program Files\AdoptOpenJDK\jdk-11.0.12+7-hotspot\bin\verify.dll
0x00007ffb18ad0000 - 0x00007ffb18cb4000 	C:\WINDOWS\SYSTEM32\DBGHELP.DLL
0x00007ffb020e0000 - 0x00007ffb0210c000 	C:\WINDOWS\SYSTEM32\dbgcore.DLL
0x00007ffb1ae20000 - 0x00007ffb1aea3000 	C:\WINDOWS\System32\bcryptPrimitives.dll
0x00007ffadc890000 - 0x00007ffadc8b8000 	C:\Program Files\AdoptOpenJDK\jdk-11.0.12+7-hotspot\bin\java.dll
0x00007ffb0dc90000 - 0x00007ffb0dc9a000 	C:\Program Files\AdoptOpenJDK\jdk-11.0.12+7-hotspot\bin\jimage.dll
0x00007ffad13f0000 - 0x00007ffad1407000 	C:\Program Files\AdoptOpenJDK\jdk-11.0.12+7-hotspot\bin\zip.dll

dbghelp: loaded successfully - version: 4.0.5 - missing functions: none
symbol engine: initialized successfully - sym options: 0x614 - pdb path: .;C:\Program Files\AdoptOpenJDK\jdk-11.0.12+7-hotspot\bin;C:\WINDOWS\SYSTEM32;C:\WINDOWS\WinSxS\amd64_microsoft.windows.common-controls_6595b64144ccf1df_6.0.19041.1110_none_60b5254171f9507e;C:\Program Files\AdoptOpenJDK\jdk-11.0.12+7-hotspot\bin\server

VM Arguments:
jvm_args: --module-path=D:/Library/Java/javafx-sdk-11.0.2/lib --add-modules=javafx.controls,javafx.fxml -Dfile.encoding=UTF-8 
java_command: App
java_class_path (initial): D:\Documents\VS code\Java\SchoolManagementSystem\bin;D:\Library\Java\javafx-sdk-11.0.2\lib\javafx.controls.jar;D:\Library\Java\sqljdbc_9.4\enu\mssql-jdbc-9.4.0.jre11.jar;D:\Library\Java\charm-glisten-4.4.1.jar;D:\Library\Java\javafx-sdk-11.0.2\lib\javafx.media.jar;D:\Library\Java\javafx-sdk-11.0.2\lib\javafx.base.jar;D:\Library\Java\javafx-sdk-11.0.2\lib\javafx-swt.jar;D:\Library\Java\javafx-sdk-11.0.2\lib\javafx.fxml.jar;D:\Library\Java\javafx-sdk-11.0.2\lib\javafx.graphics.jar;D:\Library\Java\javafx-sdk-11.0.2\lib\javafx.swing.jar;D:\Library\Java\javafx-sdk-11.0.2\lib\javafx.web.jar
Launcher Type: SUN_STANDARD

[Global flags]
     intx CICompilerCount                          = 3                                         {product} {ergonomic}
     uint ConcGCThreads                            = 1                                         {product} {ergonomic}
     uint G1ConcRefinementThreads                  = 4                                         {product} {ergonomic}
   size_t G1HeapRegionSize                         = 1048576                                   {product} {ergonomic}
    uintx GCDrainStackTargetSize                   = 64                                        {product} {ergonomic}
   size_t InitialHeapSize                          = 201326592                                 {product} {ergonomic}
   size_t MarkStackSize                            = 4194304                                   {product} {ergonomic}
   size_t MaxHeapSize                              = 3191865344                                {product} {ergonomic}
   size_t MinHeapDeltaBytes                        = 1048576                                   {product} {ergonomic}
    uintx NonNMethodCodeHeapSize                   = 5830732                                {pd product} {ergonomic}
    uintx NonProfiledCodeHeapSize                  = 122913754                              {pd product} {ergonomic}
    uintx ProfiledCodeHeapSize                     = 122913754                              {pd product} {ergonomic}
    uintx ReservedCodeCacheSize                    = 251658240                              {pd product} {ergonomic}
     bool SegmentedCodeCache                       = true                                      {product} {ergonomic}
     bool UseCompressedClassPointers               = true                                 {lp64_product} {ergonomic}
     bool UseCompressedOops                        = true                                 {lp64_product} {ergonomic}
     bool UseG1GC                                  = true                                      {product} {ergonomic}
     bool UseLargePagesIndividualAllocation        = false                                  {pd product} {ergonomic}

Logging:
Log output configuration:
 #0: stdout all=warning uptime,level,tags
 #1: stderr all=off uptime,level,tags

Environment Variables:
JAVA_HOME=C:\Program Files\AdoptOpenJDK\jdk-11.0.12+7-hotspot
PATH=C:\Program Files\AdoptOpenJDK\jdk-11.0.12+7-hotspot\bin;C:\Program Files (x86)\Common Files\Oracle\Java\javapath;C:\WINDOWS\system32;C:\WINDOWS;C:\WINDOWS\System32\Wbem;C:\WINDOWS\System32\WindowsPowerShell\v1.0\;C:\WINDOWS\System32\OpenSSH\;C:\Program Files\Intel\WiFi\bin\;C:\Program Files\Common Files\Intel\WirelessCommon\;C:\Program Files (x86)\Microsoft SQL Server\150\DTS\Binn\;C:\Program Files\Java\jre1.8.0_251\bin;C:\Program Files\Java\jdk-14.0.1\bin;C:\Program Files\Microsoft SQL Server\Client SDK\ODBC\170\Tools\Binn\;C:\Program Files (x86)\Microsoft SQL Server\150\Tools\Binn\;C:\Program Files\Microsoft SQL Server\150\Tools\Binn\;C:\Program Files\Microsoft SQL Server\150\DTS\Binn\;C:\Windows\System32;C:\Program Files\Java\jdk-13.0.2\bin;C:\Users\Admin\AppData\Local\Programs\Python\Python38-32;C:\Program Files (x86)\Graphviz2.38\bin;C:\Users\Admin\AppData\Local\Programs\Python\Python38-32\Scripts;C:\Program Files\nodejs\;C:\Program Files\Microsoft SQL Server\130\Tools\Binn\;C:\Program Files\Git\cmd;C:\Grandle\gradle-6.7.1\bin;C:\Program Files (x86)\HP\IdrsOCR_15.5.1219.0\;C:\Program Files\HP\IdrsOCR_15.5.1219.0\;C:\Program Files\dotnet\;D:\Library\Java\sqljdbc_9.4\enu\auth\x64;C:\Users\Admin\AppData\Local\Microsoft\WindowsApps;C:\Windows\System32;C:\Users\Admin\AppData\Local\GitHubDesktop\bin;C:\Users\Admin\AppData\Roaming\npm;C:\Users\Admin\AppData\Local\Microsoft\WindowsApps;;D:\App\Microsoft VS Code\bin;C:\Users\Admin\.dotnet\tools
USERNAME=Admin
LANG=en_US.UTF-8
OS=Windows_NT
PROCESSOR_IDENTIFIER=Intel64 Family 6 Model 142 Stepping 9, GenuineIntel



---------------  S Y S T E M  ---------------

OS: Windows 10 , 64 bit Build 19041 (10.0.19041.1151)
OS uptime: 5 days 23:55 hours

CPU:total 4 (initial active 4) (2 cores per cpu, 2 threads per core) family 6 model 142 stepping 9 microcode 0xde, cmov, cx8, fxsr, mmx, sse, sse2, sse3, ssse3, sse4.1, sse4.2, popcnt, avx, avx2, aes, clmul, erms, 3dnowpref, lzcnt, ht, tsc, tscinvbit, bmi1, bmi2, adx, fma

Memory: 4k page, system-wide physical 12171M (1877M free)
TotalPageFile size 25238M (AvailPageFile size 9M)
current process WorkingSet (physical memory assigned to process): 9M, peak: 9M
current process commit charge ("private bytes"): 51M, peak: 243M

vm_info: OpenJDK 64-Bit Server VM (11.0.12+7) for windows-amd64 JRE (11.0.12+7), built on Jul 21 2021 16:23:49 by "" with unknown MS VC++:1916

END.
