#
# There is insufficient memory for the Java Runtime Environment to continue.
# Native memory allocation (malloc) failed to allocate 32744 bytes for ChunkPool::allocate
# Possible reasons:
#   The system is out of physical RAM or swap space
#   The process is running with CompressedOops enabled, and the Java Heap may be blocking the growth of the native heap
# Possible solutions:
#   Reduce memory load on the system
#   Increase physical memory or swap space
#   Check if swap backing store is full
#   Decrease Java heap size (-Xmx/-Xms)
#   Decrease number of Java threads
#   Decrease Java thread stack sizes (-Xss)
#   Set larger code cache with -XX:ReservedCodeCacheSize=
#   JVM is running with Zero Based Compressed Oops mode in which the Java heap is
#     placed in the first 32GB address space. The Java Heap base address is the
#     maximum limit for the native heap growth. Please use -XX:HeapBaseMinAddress
#     to set the Java Heap base and to place the Java Heap above 32GB virtual address.
# This output file may be truncated or incomplete.
#
#  Out of Memory Error (./src/hotspot/share/memory/arena.cpp:81), pid=9248, tid=7712
#
# JRE version: OpenJDK Runtime Environment Temurin-11.0.12+7 (11.0.12+7) (build 11.0.12+7)
# Java VM: OpenJDK 64-Bit Server VM Temurin-11.0.12+7 (11.0.12+7, mixed mode, tiered, compressed oops, g1 gc, windows-amd64)
# No core dump will be written. Minidumps are not enabled by default on client versions of Windows
#

---------------  S U M M A R Y ------------

Command Line: --module-path=D:/Library/Java/javafx-sdk-11.0.2/lib --add-modules=javafx.controls,javafx.fxml -Dfile.encoding=UTF-8 App

Host: Intel(R) Core(TM) i5-7200U CPU @ 2.50GHz, 4 cores, 11G,  Windows 10 , 64 bit Build 19041 (10.0.19041.1151)
Time: Thu Sep  9 14:59:09 2021 SE Asia Standard Time elapsed time: 2.177455 seconds (0d 0h 0m 2s)

---------------  T H R E A D  ---------------

Current thread (0x000002752dabb800):  JavaThread "JavaFX Application Thread" [_thread_in_vm, id=7712, stack(0x00000088e3d00000,0x00000088e3e00000)]

Stack: [0x00000088e3d00000,0x00000088e3e00000]
Native frames: (J=compiled Java code, j=interpreted, Vv=VM code, C=native code)
V  [jvm.dll+0x601d0a]
V  [jvm.dll+0x78ab6e]
V  [jvm.dll+0x78c23f]
V  [jvm.dll+0x78c903]
V  [jvm.dll+0x24be68]
V  [jvm.dll+0xc23fb]
V  [jvm.dll+0xc275c]
V  [jvm.dll+0x1cc2ab]
V  [jvm.dll+0x1ccce4]
V  [jvm.dll+0x1c1a79]
V  [jvm.dll+0x4d8805]
V  [jvm.dll+0x724b79]
V  [jvm.dll+0x3e4df8]
V  [jvm.dll+0x3ea488]
C  [java.dll+0x19bc]

Java frames: (J=compiled Java code, j=interpreted, Vv=VM code)
J 1007  java.lang.ClassLoader.defineClass1(Ljava/lang/ClassLoader;Ljava/lang/String;[BIILjava/security/ProtectionDomain;Ljava/lang/String;)Ljava/lang/Class; java.base@11.0.12 (0 bytes) @ 0x000002751c4d7c8b [0x000002751c4d7bc0+0x00000000000000cb]
J 1006 c1 java.lang.ClassLoader.defineClass(Ljava/lang/String;[BIILjava/security/ProtectionDomain;)Ljava/lang/Class; java.base@11.0.12 (43 bytes) @ 0x00000275150ec47c [0x00000275150ec120+0x000000000000035c]
J 1018 c1 java.lang.ClassLoader.defineClass(Ljava/lang/String;Ljava/nio/ByteBuffer;Ljava/security/ProtectionDomain;)Ljava/lang/Class; java.base@11.0.12 (108 bytes) @ 0x00000275150f336c [0x00000275150f2b00+0x000000000000086c]
J 865 c1 jdk.internal.loader.BuiltinClassLoader.defineClass(Ljava/lang/String;Ljdk/internal/loader/BuiltinClassLoader$LoadedModule;)Ljava/lang/Class; java.base@11.0.12 (162 bytes) @ 0x000002751509dbdc [0x000002751509cc20+0x0000000000000fbc]
J 790 c1 jdk.internal.loader.BuiltinClassLoader.loadClassOrNull(Ljava/lang/String;Z)Ljava/lang/Class; java.base@11.0.12 (143 bytes) @ 0x000002751506f87c [0x000002751506ed80+0x0000000000000afc]
J 792 c1 jdk.internal.loader.ClassLoaders$AppClassLoader.loadClass(Ljava/lang/String;Z)Ljava/lang/Class; java.base@11.0.12 (40 bytes) @ 0x0000027515071ba4 [0x00000275150715e0+0x00000000000005c4]
J 791 c1 java.lang.ClassLoader.loadClass(Ljava/lang/String;)Ljava/lang/Class; java.base@11.0.12 (7 bytes) @ 0x000002751507124c [0x0000027515071140+0x000000000000010c]
v  ~StubRoutines::call_stub
j  javafx.scene.control.skin.SplitPaneSkin$Content.<init>(Ljavafx/scene/Node;)V+5 javafx.controls
j  javafx.scene.control.skin.SplitPaneSkin.addContent(ILjavafx/scene/Node;)V+5 javafx.controls
j  javafx.scene.control.skin.SplitPaneSkin.<init>(Ljavafx/scene/control/SplitPane;)V+111 javafx.controls
j  javafx.scene.control.SplitPane.createDefaultSkin()Ljavafx/scene/control/Skin;+5 javafx.controls
j  javafx.scene.control.Control.doProcessCSS()V+25 javafx.controls
j  javafx.scene.control.Control.access$000(Ljavafx/scene/control/Control;)V+1 javafx.controls
j  javafx.scene.control.Control$1.doProcessCSS(Ljavafx/scene/Node;)V+4 javafx.controls
j  com.sun.javafx.scene.control.ControlHelper.processCSSImpl(Ljavafx/scene/Node;)V+4 javafx.controls
j  com.sun.javafx.scene.NodeHelper.processCSS(Ljavafx/scene/Node;)V+5 javafx.graphics
j  javafx.scene.Node.processCSS()V+99 javafx.graphics
j  javafx.scene.Scene.doCSSPass()V+23 javafx.graphics
j  javafx.scene.Scene.preferredSize()V+6 javafx.graphics
j  javafx.scene.Scene$2.preferredSize(Ljavafx/scene/Scene;)V+1 javafx.graphics
j  com.sun.javafx.scene.SceneHelper.preferredSize(Ljavafx/scene/Scene;)V+4 javafx.graphics
j  javafx.stage.Window$12.invalidated()V+250 javafx.graphics
j  javafx.beans.property.BooleanPropertyBase.markInvalid()V+13 javafx.base
j  javafx.beans.property.BooleanPropertyBase.set(Z)V+72 javafx.base
j  javafx.stage.Window.setShowing(Z)V+11 javafx.graphics
j  javafx.stage.Window.show()V+2 javafx.graphics
j  javafx.stage.Stage.show()V+1 javafx.graphics
j  App.start(Ljavafx/stage/Stage;)V+41
j  com.sun.javafx.application.LauncherImpl.lambda$launchApplication1$9(Ljava/util/concurrent/atomic/AtomicBoolean;Ljavafx/application/Application;)V+20 javafx.graphics
j  com.sun.javafx.application.LauncherImpl$$Lambda$105.run()V+8 javafx.graphics
j  com.sun.javafx.application.PlatformImpl.lambda$runAndWait$12(Ljava/lang/Runnable;Ljava/util/concurrent/CountDownLatch;)V+1 javafx.graphics
j  com.sun.javafx.application.PlatformImpl$$Lambda$98.run()V+8 javafx.graphics
j  com.sun.javafx.application.PlatformImpl.lambda$runLater$10(Ljava/lang/Runnable;)Ljava/lang/Void;+1 javafx.graphics
j  com.sun.javafx.application.PlatformImpl$$Lambda$100.run()Ljava/lang/Object;+4 javafx.graphics
v  ~StubRoutines::call_stub
j  java.security.AccessController.doPrivileged(Ljava/security/PrivilegedAction;Ljava/security/AccessControlContext;)Ljava/lang/Object;+0 java.base@11.0.12
j  com.sun.javafx.application.PlatformImpl.lambda$runLater$11(Ljava/lang/Runnable;Ljava/security/AccessControlContext;)V+7 javafx.graphics
j  com.sun.javafx.application.PlatformImpl$$Lambda$99.run()V+8 javafx.graphics
j  com.sun.glass.ui.InvokeLaterDispatcher$Future.run()V+4 javafx.graphics
v  ~StubRoutines::call_stub
j  com.sun.glass.ui.win.WinApplication._runLoop(Ljava/lang/Runnable;)V+0 javafx.graphics
j  com.sun.glass.ui.win.WinApplication.lambda$runLoop$3(ILjava/lang/Runnable;)V+8 javafx.graphics
j  com.sun.glass.ui.win.WinApplication$$Lambda$88.run()V+12 javafx.graphics
j  java.lang.Thread.run()V+11 java.base@11.0.12
v  ~StubRoutines::call_stub

---------------  P R O C E S S  ---------------

Threads class SMR info:
_java_thread_list=0x000002752f378830, length=16, elements={
0x000002750c29f000, 0x000002752cff6800, 0x000002752d000000, 0x000002752d00e800,
0x000002752d877800, 0x000002752d879800, 0x000002752d885000, 0x000002752d88b000,
0x000002752d88d800, 0x000002752cfae800, 0x000002752e68e000, 0x000002750a007800,
0x000002752dabb800, 0x000002752f39c800, 0x000002752db5c000, 0x00000275362c8000
}

Java Threads: ( => current thread )
  0x000002750c29f000 JavaThread "main" [_thread_blocked, id=12912, stack(0x00000088e2900000,0x00000088e2a00000)]
  0x000002752cff6800 JavaThread "Reference Handler" daemon [_thread_blocked, id=18068, stack(0x00000088e3000000,0x00000088e3100000)]
  0x000002752d000000 JavaThread "Finalizer" daemon [_thread_blocked, id=14936, stack(0x00000088e3100000,0x00000088e3200000)]
  0x000002752d00e800 JavaThread "Signal Dispatcher" daemon [_thread_blocked, id=13612, stack(0x00000088e3200000,0x00000088e3300000)]
  0x000002752d877800 JavaThread "Attach Listener" daemon [_thread_blocked, id=13928, stack(0x00000088e3300000,0x00000088e3400000)]
  0x000002752d879800 JavaThread "Service Thread" daemon [_thread_blocked, id=18524, stack(0x00000088e3400000,0x00000088e3500000)]
  0x000002752d885000 JavaThread "C2 CompilerThread0" daemon [_thread_blocked, id=1196, stack(0x00000088e3500000,0x00000088e3600000)]
  0x000002752d88b000 JavaThread "C1 CompilerThread0" daemon [_thread_blocked, id=20276, stack(0x00000088e3600000,0x00000088e3700000)]
  0x000002752d88d800 JavaThread "Sweeper thread" daemon [_thread_blocked, id=18176, stack(0x00000088e3700000,0x00000088e3800000)]
  0x000002752cfae800 JavaThread "Common-Cleaner" daemon [_thread_blocked, id=4508, stack(0x00000088e3800000,0x00000088e3900000)]
  0x000002752e68e000 JavaThread "QuantumRenderer-0" daemon [_thread_blocked, id=3024, stack(0x00000088e3b00000,0x00000088e3c00000)]
  0x000002750a007800 JavaThread "InvokeLaterDispatcher" daemon [_thread_blocked, id=20492, stack(0x00000088e3900000,0x00000088e3a00000)]
=>0x000002752dabb800 JavaThread "JavaFX Application Thread" [_thread_in_vm, id=7712, stack(0x00000088e3d00000,0x00000088e3e00000)]
  0x000002752f39c800 JavaThread "JavaFX-Launcher" [_thread_blocked, id=23572, stack(0x00000088e4400000,0x00000088e4500000)]
  0x000002752db5c000 JavaThread "Thread-2" daemon [_thread_in_native, id=24592, stack(0x00000088e4300000,0x00000088e4400000)]
  0x00000275362c8000 JavaThread "C2 CompilerThread1" daemon [_thread_in_native, id=5520, stack(0x00000088e4500000,0x00000088e4600000)]

Other Threads:
  0x000002752cff2800 VMThread "VM Thread" [stack: 0x00000088e2f00000,0x00000088e3000000] [id=20176]
  0x000002752dbca800 WatcherThread [stack: 0x00000088e3a00000,0x00000088e3b00000] [id=4364]
  0x000002750c2b4000 GCTaskThread "GC Thread#0" [stack: 0x00000088e2a00000,0x00000088e2b00000] [id=3344]
  0x000002752ea34800 GCTaskThread "GC Thread#1" [stack: 0x00000088e3e00000,0x00000088e3f00000] [id=20456]
  0x000002752e3a2000 GCTaskThread "GC Thread#2" [stack: 0x00000088e3f00000,0x00000088e4000000] [id=20908]
  0x000002752e16a000 GCTaskThread "GC Thread#3" [stack: 0x00000088e4000000,0x00000088e4100000] [id=13260]
  0x000002750c2fb800 ConcurrentGCThread "G1 Main Marker" [stack: 0x00000088e2b00000,0x00000088e2c00000] [id=15188]
  0x000002750c2fe000 ConcurrentGCThread "G1 Conc#0" [stack: 0x00000088e2c00000,0x00000088e2d00000] [id=8232]
  0x000002752ce5e800 ConcurrentGCThread "G1 Refine#0" [stack: 0x00000088e2d00000,0x00000088e2e00000] [id=16376]
  0x000002752ce60000 ConcurrentGCThread "G1 Young RemSet Sampling" [stack: 0x00000088e2e00000,0x00000088e2f00000] [id=25068]

Threads with active compile tasks:
C2 CompilerThread1   2218 1237   !   4       com.sun.javafx.css.ParsedValueImpl::readBinary (688 bytes)

VM state:not at safepoint (normal execution)

VM Mutex/Monitor currently owned by a thread: None

Heap address: 0x0000000741c00000, size: 3044 MB, Compressed Oops mode: Zero based, Oop shift amount: 3
Narrow klass base: 0x0000000800000000, Narrow klass shift: 0
Compressed class space size: 1073741824 Address: 0x0000000800000000

Heap:
 garbage-first heap   total 196608K, used 32832K [0x0000000741c00000, 0x0000000800000000)
  region size 1024K, 33 young (33792K), 2 survivors (2048K)
 Metaspace       used 19490K, capacity 20091K, committed 20224K, reserved 1067008K
  class space    used 2306K, capacity 2552K, committed 2560K, reserved 1048576K
Heap Regions: E=young(eden), S=young(survivor), O=old, HS=humongous(starts), HC=humongous(continues), CS=collection set, F=free, A=archive, TAMS=top-at-mark-start (previous, next)
|   0|0x0000000741c00000, 0x0000000741c10200, 0x0000000741d00000|  6%| O|  |TAMS 0x0000000741c00000, 0x0000000741c00000| Untracked 
|   1|0x0000000741d00000, 0x0000000741e00000, 0x0000000741e00000|100%|HS|  |TAMS 0x0000000741d00000, 0x0000000741d00000| Complete 
|   2|0x0000000741e00000, 0x0000000741e00000, 0x0000000741f00000|  0%| F|  |TAMS 0x0000000741e00000, 0x0000000741e00000| Untracked 
|   3|0x0000000741f00000, 0x0000000741f00000, 0x0000000742000000|  0%| F|  |TAMS 0x0000000741f00000, 0x0000000741f00000| Untracked 
|   4|0x0000000742000000, 0x0000000742000000, 0x0000000742100000|  0%| F|  |TAMS 0x0000000742000000, 0x0000000742000000| Untracked 
|   5|0x0000000742100000, 0x0000000742100000, 0x0000000742200000|  0%| F|  |TAMS 0x0000000742100000, 0x0000000742100000| Untracked 
|   6|0x0000000742200000, 0x0000000742200000, 0x0000000742300000|  0%| F|  |TAMS 0x0000000742200000, 0x0000000742200000| Untracked 
|   7|0x0000000742300000, 0x0000000742300000, 0x0000000742400000|  0%| F|  |TAMS 0x0000000742300000, 0x0000000742300000| Untracked 
|   8|0x0000000742400000, 0x0000000742400000, 0x0000000742500000|  0%| F|  |TAMS 0x0000000742400000, 0x0000000742400000| Untracked 
|   9|0x0000000742500000, 0x0000000742500000, 0x0000000742600000|  0%| F|  |TAMS 0x0000000742500000, 0x0000000742500000| Untracked 
|  10|0x0000000742600000, 0x0000000742600000, 0x0000000742700000|  0%| F|  |TAMS 0x0000000742600000, 0x0000000742600000| Untracked 
|  11|0x0000000742700000, 0x0000000742700000, 0x0000000742800000|  0%| F|  |TAMS 0x0000000742700000, 0x0000000742700000| Untracked 
|  12|0x0000000742800000, 0x0000000742800000, 0x0000000742900000|  0%| F|  |TAMS 0x0000000742800000, 0x0000000742800000| Untracked 
|  13|0x0000000742900000, 0x0000000742900000, 0x0000000742a00000|  0%| F|  |TAMS 0x0000000742900000, 0x0000000742900000| Untracked 
|  14|0x0000000742a00000, 0x0000000742a00000, 0x0000000742b00000|  0%| F|  |TAMS 0x0000000742a00000, 0x0000000742a00000| Untracked 
|  15|0x0000000742b00000, 0x0000000742b00000, 0x0000000742c00000|  0%| F|  |TAMS 0x0000000742b00000, 0x0000000742b00000| Untracked 
|  16|0x0000000742c00000, 0x0000000742c00000, 0x0000000742d00000|  0%| F|  |TAMS 0x0000000742c00000, 0x0000000742c00000| Untracked 
|  17|0x0000000742d00000, 0x0000000742d00000, 0x0000000742e00000|  0%| F|  |TAMS 0x0000000742d00000, 0x0000000742d00000| Untracked 
|  18|0x0000000742e00000, 0x0000000742e00000, 0x0000000742f00000|  0%| F|  |TAMS 0x0000000742e00000, 0x0000000742e00000| Untracked 
|  19|0x0000000742f00000, 0x0000000742f00000, 0x0000000743000000|  0%| F|  |TAMS 0x0000000742f00000, 0x0000000742f00000| Untracked 
|  20|0x0000000743000000, 0x0000000743000000, 0x0000000743100000|  0%| F|  |TAMS 0x0000000743000000, 0x0000000743000000| Untracked 
|  21|0x0000000743100000, 0x0000000743100000, 0x0000000743200000|  0%| F|  |TAMS 0x0000000743100000, 0x0000000743100000| Untracked 
|  22|0x0000000743200000, 0x0000000743200000, 0x0000000743300000|  0%| F|  |TAMS 0x0000000743200000, 0x0000000743200000| Untracked 
|  23|0x0000000743300000, 0x0000000743300000, 0x0000000743400000|  0%| F|  |TAMS 0x0000000743300000, 0x0000000743300000| Untracked 
|  24|0x0000000743400000, 0x0000000743400000, 0x0000000743500000|  0%| F|  |TAMS 0x0000000743400000, 0x0000000743400000| Untracked 
|  25|0x0000000743500000, 0x0000000743500000, 0x0000000743600000|  0%| F|  |TAMS 0x0000000743500000, 0x0000000743500000| Untracked 
|  26|0x0000000743600000, 0x0000000743600000, 0x0000000743700000|  0%| F|  |TAMS 0x0000000743600000, 0x0000000743600000| Untracked 
|  27|0x0000000743700000, 0x0000000743700000, 0x0000000743800000|  0%| F|  |TAMS 0x0000000743700000, 0x0000000743700000| Untracked 
|  28|0x0000000743800000, 0x0000000743800000, 0x0000000743900000|  0%| F|  |TAMS 0x0000000743800000, 0x0000000743800000| Untracked 
|  29|0x0000000743900000, 0x0000000743900000, 0x0000000743a00000|  0%| F|  |TAMS 0x0000000743900000, 0x0000000743900000| Untracked 
|  30|0x0000000743a00000, 0x0000000743a00000, 0x0000000743b00000|  0%| F|  |TAMS 0x0000000743a00000, 0x0000000743a00000| Untracked 
|  31|0x0000000743b00000, 0x0000000743b00000, 0x0000000743c00000|  0%| F|  |TAMS 0x0000000743b00000, 0x0000000743b00000| Untracked 
|  32|0x0000000743c00000, 0x0000000743c00000, 0x0000000743d00000|  0%| F|  |TAMS 0x0000000743c00000, 0x0000000743c00000| Untracked 
|  33|0x0000000743d00000, 0x0000000743d00000, 0x0000000743e00000|  0%| F|  |TAMS 0x0000000743d00000, 0x0000000743d00000| Untracked 
|  34|0x0000000743e00000, 0x0000000743e00000, 0x0000000743f00000|  0%| F|  |TAMS 0x0000000743e00000, 0x0000000743e00000| Untracked 
|  35|0x0000000743f00000, 0x0000000743f00000, 0x0000000744000000|  0%| F|  |TAMS 0x0000000743f00000, 0x0000000743f00000| Untracked 
|  36|0x0000000744000000, 0x0000000744000000, 0x0000000744100000|  0%| F|  |TAMS 0x0000000744000000, 0x0000000744000000| Untracked 
|  37|0x0000000744100000, 0x0000000744100000, 0x0000000744200000|  0%| F|  |TAMS 0x0000000744100000, 0x0000000744100000| Untracked 
|  38|0x0000000744200000, 0x0000000744200000, 0x0000000744300000|  0%| F|  |TAMS 0x0000000744200000, 0x0000000744200000| Untracked 
|  39|0x0000000744300000, 0x0000000744300000, 0x0000000744400000|  0%| F|  |TAMS 0x0000000744300000, 0x0000000744300000| Untracked 
|  40|0x0000000744400000, 0x0000000744400000, 0x0000000744500000|  0%| F|  |TAMS 0x0000000744400000, 0x0000000744400000| Untracked 
|  41|0x0000000744500000, 0x0000000744500000, 0x0000000744600000|  0%| F|  |TAMS 0x0000000744500000, 0x0000000744500000| Untracked 
|  42|0x0000000744600000, 0x0000000744600000, 0x0000000744700000|  0%| F|  |TAMS 0x0000000744600000, 0x0000000744600000| Untracked 
|  43|0x0000000744700000, 0x0000000744700000, 0x0000000744800000|  0%| F|  |TAMS 0x0000000744700000, 0x0000000744700000| Untracked 
|  44|0x0000000744800000, 0x0000000744800000, 0x0000000744900000|  0%| F|  |TAMS 0x0000000744800000, 0x0000000744800000| Untracked 
|  45|0x0000000744900000, 0x0000000744900000, 0x0000000744a00000|  0%| F|  |TAMS 0x0000000744900000, 0x0000000744900000| Untracked 
|  46|0x0000000744a00000, 0x0000000744a00000, 0x0000000744b00000|  0%| F|  |TAMS 0x0000000744a00000, 0x0000000744a00000| Untracked 
|  47|0x0000000744b00000, 0x0000000744b00000, 0x0000000744c00000|  0%| F|  |TAMS 0x0000000744b00000, 0x0000000744b00000| Untracked 
|  48|0x0000000744c00000, 0x0000000744c00000, 0x0000000744d00000|  0%| F|  |TAMS 0x0000000744c00000, 0x0000000744c00000| Untracked 
|  49|0x0000000744d00000, 0x0000000744d00000, 0x0000000744e00000|  0%| F|  |TAMS 0x0000000744d00000, 0x0000000744d00000| Untracked 
|  50|0x0000000744e00000, 0x0000000744e00000, 0x0000000744f00000|  0%| F|  |TAMS 0x0000000744e00000, 0x0000000744e00000| Untracked 
|  51|0x0000000744f00000, 0x0000000744f00000, 0x0000000745000000|  0%| F|  |TAMS 0x0000000744f00000, 0x0000000744f00000| Untracked 
|  52|0x0000000745000000, 0x0000000745000000, 0x0000000745100000|  0%| F|  |TAMS 0x0000000745000000, 0x0000000745000000| Untracked 
|  53|0x0000000745100000, 0x0000000745100000, 0x0000000745200000|  0%| F|  |TAMS 0x0000000745100000, 0x0000000745100000| Untracked 
|  54|0x0000000745200000, 0x0000000745200000, 0x0000000745300000|  0%| F|  |TAMS 0x0000000745200000, 0x0000000745200000| Untracked 
|  55|0x0000000745300000, 0x0000000745300000, 0x0000000745400000|  0%| F|  |TAMS 0x0000000745300000, 0x0000000745300000| Untracked 
|  56|0x0000000745400000, 0x0000000745400000, 0x0000000745500000|  0%| F|  |TAMS 0x0000000745400000, 0x0000000745400000| Untracked 
|  57|0x0000000745500000, 0x0000000745500000, 0x0000000745600000|  0%| F|  |TAMS 0x0000000745500000, 0x0000000745500000| Untracked 
|  58|0x0000000745600000, 0x0000000745600000, 0x0000000745700000|  0%| F|  |TAMS 0x0000000745600000, 0x0000000745600000| Untracked 
|  59|0x0000000745700000, 0x0000000745700000, 0x0000000745800000|  0%| F|  |TAMS 0x0000000745700000, 0x0000000745700000| Untracked 
|  60|0x0000000745800000, 0x0000000745800000, 0x0000000745900000|  0%| F|  |TAMS 0x0000000745800000, 0x0000000745800000| Untracked 
|  61|0x0000000745900000, 0x0000000745900000, 0x0000000745a00000|  0%| F|  |TAMS 0x0000000745900000, 0x0000000745900000| Untracked 
|  62|0x0000000745a00000, 0x0000000745a00000, 0x0000000745b00000|  0%| F|  |TAMS 0x0000000745a00000, 0x0000000745a00000| Untracked 
|  63|0x0000000745b00000, 0x0000000745b00000, 0x0000000745c00000|  0%| F|  |TAMS 0x0000000745b00000, 0x0000000745b00000| Untracked 
|  64|0x0000000745c00000, 0x0000000745c00000, 0x0000000745d00000|  0%| F|  |TAMS 0x0000000745c00000, 0x0000000745c00000| Untracked 
|  65|0x0000000745d00000, 0x0000000745d00000, 0x0000000745e00000|  0%| F|  |TAMS 0x0000000745d00000, 0x0000000745d00000| Untracked 
|  66|0x0000000745e00000, 0x0000000745e00000, 0x0000000745f00000|  0%| F|  |TAMS 0x0000000745e00000, 0x0000000745e00000| Untracked 
|  67|0x0000000745f00000, 0x0000000745f00000, 0x0000000746000000|  0%| F|  |TAMS 0x0000000745f00000, 0x0000000745f00000| Untracked 
|  68|0x0000000746000000, 0x0000000746000000, 0x0000000746100000|  0%| F|  |TAMS 0x0000000746000000, 0x0000000746000000| Untracked 
|  69|0x0000000746100000, 0x0000000746100000, 0x0000000746200000|  0%| F|  |TAMS 0x0000000746100000, 0x0000000746100000| Untracked 
|  70|0x0000000746200000, 0x0000000746200000, 0x0000000746300000|  0%| F|  |TAMS 0x0000000746200000, 0x0000000746200000| Untracked 
|  71|0x0000000746300000, 0x0000000746300000, 0x0000000746400000|  0%| F|  |TAMS 0x0000000746300000, 0x0000000746300000| Untracked 
|  72|0x0000000746400000, 0x0000000746400000, 0x0000000746500000|  0%| F|  |TAMS 0x0000000746400000, 0x0000000746400000| Untracked 
|  73|0x0000000746500000, 0x0000000746500000, 0x0000000746600000|  0%| F|  |TAMS 0x0000000746500000, 0x0000000746500000| Untracked 
|  74|0x0000000746600000, 0x0000000746600000, 0x0000000746700000|  0%| F|  |TAMS 0x0000000746600000, 0x0000000746600000| Untracked 
|  75|0x0000000746700000, 0x0000000746700000, 0x0000000746800000|  0%| F|  |TAMS 0x0000000746700000, 0x0000000746700000| Untracked 
|  76|0x0000000746800000, 0x0000000746800000, 0x0000000746900000|  0%| F|  |TAMS 0x0000000746800000, 0x0000000746800000| Untracked 
|  77|0x0000000746900000, 0x0000000746900000, 0x0000000746a00000|  0%| F|  |TAMS 0x0000000746900000, 0x0000000746900000| Untracked 
|  78|0x0000000746a00000, 0x0000000746a00000, 0x0000000746b00000|  0%| F|  |TAMS 0x0000000746a00000, 0x0000000746a00000| Untracked 
|  79|0x0000000746b00000, 0x0000000746b00000, 0x0000000746c00000|  0%| F|  |TAMS 0x0000000746b00000, 0x0000000746b00000| Untracked 
|  80|0x0000000746c00000, 0x0000000746c00000, 0x0000000746d00000|  0%| F|  |TAMS 0x0000000746c00000, 0x0000000746c00000| Untracked 
|  81|0x0000000746d00000, 0x0000000746d00000, 0x0000000746e00000|  0%| F|  |TAMS 0x0000000746d00000, 0x0000000746d00000| Untracked 
|  82|0x0000000746e00000, 0x0000000746e00000, 0x0000000746f00000|  0%| F|  |TAMS 0x0000000746e00000, 0x0000000746e00000| Untracked 
|  83|0x0000000746f00000, 0x0000000746f00000, 0x0000000747000000|  0%| F|  |TAMS 0x0000000746f00000, 0x0000000746f00000| Untracked 
|  84|0x0000000747000000, 0x0000000747000000, 0x0000000747100000|  0%| F|  |TAMS 0x0000000747000000, 0x0000000747000000| Untracked 
|  85|0x0000000747100000, 0x0000000747100000, 0x0000000747200000|  0%| F|  |TAMS 0x0000000747100000, 0x0000000747100000| Untracked 
|  86|0x0000000747200000, 0x0000000747200000, 0x0000000747300000|  0%| F|  |TAMS 0x0000000747200000, 0x0000000747200000| Untracked 
|  87|0x0000000747300000, 0x0000000747300000, 0x0000000747400000|  0%| F|  |TAMS 0x0000000747300000, 0x0000000747300000| Untracked 
|  88|0x0000000747400000, 0x0000000747400000, 0x0000000747500000|  0%| F|  |TAMS 0x0000000747400000, 0x0000000747400000| Untracked 
|  89|0x0000000747500000, 0x0000000747500000, 0x0000000747600000|  0%| F|  |TAMS 0x0000000747500000, 0x0000000747500000| Untracked 
|  90|0x0000000747600000, 0x0000000747600000, 0x0000000747700000|  0%| F|  |TAMS 0x0000000747600000, 0x0000000747600000| Untracked 
|  91|0x0000000747700000, 0x0000000747700000, 0x0000000747800000|  0%| F|  |TAMS 0x0000000747700000, 0x0000000747700000| Untracked 
|  92|0x0000000747800000, 0x0000000747800000, 0x0000000747900000|  0%| F|  |TAMS 0x0000000747800000, 0x0000000747800000| Untracked 
|  93|0x0000000747900000, 0x0000000747900000, 0x0000000747a00000|  0%| F|  |TAMS 0x0000000747900000, 0x0000000747900000| Untracked 
|  94|0x0000000747a00000, 0x0000000747a00000, 0x0000000747b00000|  0%| F|  |TAMS 0x0000000747a00000, 0x0000000747a00000| Untracked 
|  95|0x0000000747b00000, 0x0000000747b00000, 0x0000000747c00000|  0%| F|  |TAMS 0x0000000747b00000, 0x0000000747b00000| Untracked 
|  96|0x0000000747c00000, 0x0000000747c00000, 0x0000000747d00000|  0%| F|  |TAMS 0x0000000747c00000, 0x0000000747c00000| Untracked 
|  97|0x0000000747d00000, 0x0000000747d00000, 0x0000000747e00000|  0%| F|  |TAMS 0x0000000747d00000, 0x0000000747d00000| Untracked 
|  98|0x0000000747e00000, 0x0000000747e00000, 0x0000000747f00000|  0%| F|  |TAMS 0x0000000747e00000, 0x0000000747e00000| Untracked 
|  99|0x0000000747f00000, 0x0000000747f00000, 0x0000000748000000|  0%| F|  |TAMS 0x0000000747f00000, 0x0000000747f00000| Untracked 
| 100|0x0000000748000000, 0x0000000748000000, 0x0000000748100000|  0%| F|  |TAMS 0x0000000748000000, 0x0000000748000000| Untracked 
| 101|0x0000000748100000, 0x0000000748100000, 0x0000000748200000|  0%| F|  |TAMS 0x0000000748100000, 0x0000000748100000| Untracked 
| 102|0x0000000748200000, 0x0000000748200000, 0x0000000748300000|  0%| F|  |TAMS 0x0000000748200000, 0x0000000748200000| Untracked 
| 103|0x0000000748300000, 0x0000000748300000, 0x0000000748400000|  0%| F|  |TAMS 0x0000000748300000, 0x0000000748300000| Untracked 
| 104|0x0000000748400000, 0x0000000748400000, 0x0000000748500000|  0%| F|  |TAMS 0x0000000748400000, 0x0000000748400000| Untracked 
| 105|0x0000000748500000, 0x0000000748500000, 0x0000000748600000|  0%| F|  |TAMS 0x0000000748500000, 0x0000000748500000| Untracked 
| 106|0x0000000748600000, 0x0000000748600000, 0x0000000748700000|  0%| F|  |TAMS 0x0000000748600000, 0x0000000748600000| Untracked 
| 107|0x0000000748700000, 0x0000000748700000, 0x0000000748800000|  0%| F|  |TAMS 0x0000000748700000, 0x0000000748700000| Untracked 
| 108|0x0000000748800000, 0x0000000748800000, 0x0000000748900000|  0%| F|  |TAMS 0x0000000748800000, 0x0000000748800000| Untracked 
| 109|0x0000000748900000, 0x0000000748900000, 0x0000000748a00000|  0%| F|  |TAMS 0x0000000748900000, 0x0000000748900000| Untracked 
| 110|0x0000000748a00000, 0x0000000748a00000, 0x0000000748b00000|  0%| F|  |TAMS 0x0000000748a00000, 0x0000000748a00000| Untracked 
| 111|0x0000000748b00000, 0x0000000748b00000, 0x0000000748c00000|  0%| F|  |TAMS 0x0000000748b00000, 0x0000000748b00000| Untracked 
| 112|0x0000000748c00000, 0x0000000748c00000, 0x0000000748d00000|  0%| F|  |TAMS 0x0000000748c00000, 0x0000000748c00000| Untracked 
| 113|0x0000000748d00000, 0x0000000748d00000, 0x0000000748e00000|  0%| F|  |TAMS 0x0000000748d00000, 0x0000000748d00000| Untracked 
| 114|0x0000000748e00000, 0x0000000748e00000, 0x0000000748f00000|  0%| F|  |TAMS 0x0000000748e00000, 0x0000000748e00000| Untracked 
| 115|0x0000000748f00000, 0x0000000748f00000, 0x0000000749000000|  0%| F|  |TAMS 0x0000000748f00000, 0x0000000748f00000| Untracked 
| 116|0x0000000749000000, 0x0000000749000000, 0x0000000749100000|  0%| F|  |TAMS 0x0000000749000000, 0x0000000749000000| Untracked 
| 117|0x0000000749100000, 0x0000000749100000, 0x0000000749200000|  0%| F|  |TAMS 0x0000000749100000, 0x0000000749100000| Untracked 
| 118|0x0000000749200000, 0x0000000749200000, 0x0000000749300000|  0%| F|  |TAMS 0x0000000749200000, 0x0000000749200000| Untracked 
| 119|0x0000000749300000, 0x0000000749300000, 0x0000000749400000|  0%| F|  |TAMS 0x0000000749300000, 0x0000000749300000| Untracked 
| 120|0x0000000749400000, 0x0000000749400000, 0x0000000749500000|  0%| F|  |TAMS 0x0000000749400000, 0x0000000749400000| Untracked 
| 121|0x0000000749500000, 0x0000000749500000, 0x0000000749600000|  0%| F|  |TAMS 0x0000000749500000, 0x0000000749500000| Untracked 
| 122|0x0000000749600000, 0x0000000749600000, 0x0000000749700000|  0%| F|  |TAMS 0x0000000749600000, 0x0000000749600000| Untracked 
| 123|0x0000000749700000, 0x0000000749700000, 0x0000000749800000|  0%| F|  |TAMS 0x0000000749700000, 0x0000000749700000| Untracked 
| 124|0x0000000749800000, 0x0000000749800000, 0x0000000749900000|  0%| F|  |TAMS 0x0000000749800000, 0x0000000749800000| Untracked 
| 125|0x0000000749900000, 0x0000000749900000, 0x0000000749a00000|  0%| F|  |TAMS 0x0000000749900000, 0x0000000749900000| Untracked 
| 126|0x0000000749a00000, 0x0000000749a00000, 0x0000000749b00000|  0%| F|  |TAMS 0x0000000749a00000, 0x0000000749a00000| Untracked 
| 127|0x0000000749b00000, 0x0000000749b00000, 0x0000000749c00000|  0%| F|  |TAMS 0x0000000749b00000, 0x0000000749b00000| Untracked 
| 128|0x0000000749c00000, 0x0000000749c00000, 0x0000000749d00000|  0%| F|  |TAMS 0x0000000749c00000, 0x0000000749c00000| Untracked 
| 129|0x0000000749d00000, 0x0000000749d00000, 0x0000000749e00000|  0%| F|  |TAMS 0x0000000749d00000, 0x0000000749d00000| Untracked 
| 130|0x0000000749e00000, 0x0000000749e00000, 0x0000000749f00000|  0%| F|  |TAMS 0x0000000749e00000, 0x0000000749e00000| Untracked 
| 131|0x0000000749f00000, 0x0000000749f00000, 0x000000074a000000|  0%| F|  |TAMS 0x0000000749f00000, 0x0000000749f00000| Untracked 
| 132|0x000000074a000000, 0x000000074a000000, 0x000000074a100000|  0%| F|  |TAMS 0x000000074a000000, 0x000000074a000000| Untracked 
| 133|0x000000074a100000, 0x000000074a100000, 0x000000074a200000|  0%| F|  |TAMS 0x000000074a100000, 0x000000074a100000| Untracked 
| 134|0x000000074a200000, 0x000000074a200000, 0x000000074a300000|  0%| F|  |TAMS 0x000000074a200000, 0x000000074a200000| Untracked 
| 135|0x000000074a300000, 0x000000074a300000, 0x000000074a400000|  0%| F|  |TAMS 0x000000074a300000, 0x000000074a300000| Untracked 
| 136|0x000000074a400000, 0x000000074a400000, 0x000000074a500000|  0%| F|  |TAMS 0x000000074a400000, 0x000000074a400000| Untracked 
| 137|0x000000074a500000, 0x000000074a500000, 0x000000074a600000|  0%| F|  |TAMS 0x000000074a500000, 0x000000074a500000| Untracked 
| 138|0x000000074a600000, 0x000000074a600000, 0x000000074a700000|  0%| F|  |TAMS 0x000000074a600000, 0x000000074a600000| Untracked 
| 139|0x000000074a700000, 0x000000074a700000, 0x000000074a800000|  0%| F|  |TAMS 0x000000074a700000, 0x000000074a700000| Untracked 
| 140|0x000000074a800000, 0x000000074a800000, 0x000000074a900000|  0%| F|  |TAMS 0x000000074a800000, 0x000000074a800000| Untracked 
| 141|0x000000074a900000, 0x000000074a900000, 0x000000074aa00000|  0%| F|  |TAMS 0x000000074a900000, 0x000000074a900000| Untracked 
| 142|0x000000074aa00000, 0x000000074aa00000, 0x000000074ab00000|  0%| F|  |TAMS 0x000000074aa00000, 0x000000074aa00000| Untracked 
| 143|0x000000074ab00000, 0x000000074ab00000, 0x000000074ac00000|  0%| F|  |TAMS 0x000000074ab00000, 0x000000074ab00000| Untracked 
| 144|0x000000074ac00000, 0x000000074ac00000, 0x000000074ad00000|  0%| F|  |TAMS 0x000000074ac00000, 0x000000074ac00000| Untracked 
| 145|0x000000074ad00000, 0x000000074ad00000, 0x000000074ae00000|  0%| F|  |TAMS 0x000000074ad00000, 0x000000074ad00000| Untracked 
| 146|0x000000074ae00000, 0x000000074ae00000, 0x000000074af00000|  0%| F|  |TAMS 0x000000074ae00000, 0x000000074ae00000| Untracked 
| 147|0x000000074af00000, 0x000000074af00000, 0x000000074b000000|  0%| F|  |TAMS 0x000000074af00000, 0x000000074af00000| Untracked 
| 148|0x000000074b000000, 0x000000074b000000, 0x000000074b100000|  0%| F|  |TAMS 0x000000074b000000, 0x000000074b000000| Untracked 
| 149|0x000000074b100000, 0x000000074b100000, 0x000000074b200000|  0%| F|  |TAMS 0x000000074b100000, 0x000000074b100000| Untracked 
| 150|0x000000074b200000, 0x000000074b200000, 0x000000074b300000|  0%| F|  |TAMS 0x000000074b200000, 0x000000074b200000| Untracked 
| 151|0x000000074b300000, 0x000000074b300000, 0x000000074b400000|  0%| F|  |TAMS 0x000000074b300000, 0x000000074b300000| Untracked 
| 152|0x000000074b400000, 0x000000074b400000, 0x000000074b500000|  0%| F|  |TAMS 0x000000074b400000, 0x000000074b400000| Untracked 
| 153|0x000000074b500000, 0x000000074b500000, 0x000000074b600000|  0%| F|  |TAMS 0x000000074b500000, 0x000000074b500000| Untracked 
| 154|0x000000074b600000, 0x000000074b600000, 0x000000074b700000|  0%| F|  |TAMS 0x000000074b600000, 0x000000074b600000| Untracked 
| 155|0x000000074b700000, 0x000000074b700000, 0x000000074b800000|  0%| F|  |TAMS 0x000000074b700000, 0x000000074b700000| Untracked 
| 156|0x000000074b800000, 0x000000074b800000, 0x000000074b900000|  0%| F|  |TAMS 0x000000074b800000, 0x000000074b800000| Untracked 
| 157|0x000000074b900000, 0x000000074b900000, 0x000000074ba00000|  0%| F|  |TAMS 0x000000074b900000, 0x000000074b900000| Untracked 
| 158|0x000000074ba00000, 0x000000074ba00000, 0x000000074bb00000|  0%| F|  |TAMS 0x000000074ba00000, 0x000000074ba00000| Untracked 
| 159|0x000000074bb00000, 0x000000074bc00000, 0x000000074bc00000|100%| E|  |TAMS 0x000000074bb00000, 0x000000074bb00000| Complete 
| 160|0x000000074bc00000, 0x000000074bd00000, 0x000000074bd00000|100%| E|CS|TAMS 0x000000074bc00000, 0x000000074bc00000| Complete 
| 161|0x000000074bd00000, 0x000000074be00000, 0x000000074be00000|100%| E|CS|TAMS 0x000000074bd00000, 0x000000074bd00000| Complete 
| 162|0x000000074be00000, 0x000000074bf00000, 0x000000074bf00000|100%| E|CS|TAMS 0x000000074be00000, 0x000000074be00000| Complete 
| 163|0x000000074bf00000, 0x000000074c000000, 0x000000074c000000|100%| E|CS|TAMS 0x000000074bf00000, 0x000000074bf00000| Complete 
| 164|0x000000074c000000, 0x000000074c100000, 0x000000074c100000|100%| E|CS|TAMS 0x000000074c000000, 0x000000074c000000| Complete 
| 165|0x000000074c100000, 0x000000074c200000, 0x000000074c200000|100%| E|CS|TAMS 0x000000074c100000, 0x000000074c100000| Complete 
| 166|0x000000074c200000, 0x000000074c300000, 0x000000074c300000|100%| E|CS|TAMS 0x000000074c200000, 0x000000074c200000| Complete 
| 167|0x000000074c300000, 0x000000074c400000, 0x000000074c400000|100%| E|CS|TAMS 0x000000074c300000, 0x000000074c300000| Complete 
| 168|0x000000074c400000, 0x000000074c500000, 0x000000074c500000|100%| E|CS|TAMS 0x000000074c400000, 0x000000074c400000| Complete 
| 169|0x000000074c500000, 0x000000074c600000, 0x000000074c600000|100%| E|CS|TAMS 0x000000074c500000, 0x000000074c500000| Complete 
| 170|0x000000074c600000, 0x000000074c700000, 0x000000074c700000|100%| E|CS|TAMS 0x000000074c600000, 0x000000074c600000| Complete 
| 171|0x000000074c700000, 0x000000074c800000, 0x000000074c800000|100%| E|CS|TAMS 0x000000074c700000, 0x000000074c700000| Complete 
| 172|0x000000074c800000, 0x000000074c900000, 0x000000074c900000|100%| E|CS|TAMS 0x000000074c800000, 0x000000074c800000| Complete 
| 173|0x000000074c900000, 0x000000074ca00000, 0x000000074ca00000|100%| E|CS|TAMS 0x000000074c900000, 0x000000074c900000| Complete 
| 174|0x000000074ca00000, 0x000000074cb00000, 0x000000074cb00000|100%| E|CS|TAMS 0x000000074ca00000, 0x000000074ca00000| Complete 
| 175|0x000000074cb00000, 0x000000074cc00000, 0x000000074cc00000|100%| E|CS|TAMS 0x000000074cb00000, 0x000000074cb00000| Complete 
| 176|0x000000074cc00000, 0x000000074cd00000, 0x000000074cd00000|100%| S|CS|TAMS 0x000000074cc00000, 0x000000074cc00000| Complete 
| 177|0x000000074cd00000, 0x000000074ce00000, 0x000000074ce00000|100%| S|CS|TAMS 0x000000074cd00000, 0x000000074cd00000| Complete 
| 178|0x000000074ce00000, 0x000000074cf00000, 0x000000074cf00000|100%| E|CS|TAMS 0x000000074ce00000, 0x000000074ce00000| Complete 
| 179|0x000000074cf00000, 0x000000074d000000, 0x000000074d000000|100%| E|CS|TAMS 0x000000074cf00000, 0x000000074cf00000| Complete 
| 180|0x000000074d000000, 0x000000074d100000, 0x000000074d100000|100%| E|CS|TAMS 0x000000074d000000, 0x000000074d000000| Complete 
| 181|0x000000074d100000, 0x000000074d200000, 0x000000074d200000|100%| E|CS|TAMS 0x000000074d100000, 0x000000074d100000| Complete 
| 182|0x000000074d200000, 0x000000074d300000, 0x000000074d300000|100%| E|CS|TAMS 0x000000074d200000, 0x000000074d200000| Complete 
| 183|0x000000074d300000, 0x000000074d400000, 0x000000074d400000|100%| E|CS|TAMS 0x000000074d300000, 0x000000074d300000| Complete 
| 184|0x000000074d400000, 0x000000074d500000, 0x000000074d500000|100%| E|CS|TAMS 0x000000074d400000, 0x000000074d400000| Complete 
| 185|0x000000074d500000, 0x000000074d600000, 0x000000074d600000|100%| E|CS|TAMS 0x000000074d500000, 0x000000074d500000| Complete 
| 186|0x000000074d600000, 0x000000074d700000, 0x000000074d700000|100%| E|CS|TAMS 0x000000074d600000, 0x000000074d600000| Complete 
| 187|0x000000074d700000, 0x000000074d800000, 0x000000074d800000|100%| E|CS|TAMS 0x000000074d700000, 0x000000074d700000| Complete 
| 188|0x000000074d800000, 0x000000074d900000, 0x000000074d900000|100%| E|CS|TAMS 0x000000074d800000, 0x000000074d800000| Complete 
| 189|0x000000074d900000, 0x000000074da00000, 0x000000074da00000|100%| E|CS|TAMS 0x000000074d900000, 0x000000074d900000| Complete 
| 190|0x000000074da00000, 0x000000074db00000, 0x000000074db00000|100%| E|  |TAMS 0x000000074da00000, 0x000000074da00000| Complete 
| 191|0x000000074db00000, 0x000000074dc00000, 0x000000074dc00000|100%| E|CS|TAMS 0x000000074db00000, 0x000000074db00000| Complete 

Card table byte_map: [0x0000027523fc0000,0x00000275245c0000] _byte_map_base: 0x00000275205b2000

Marking Bits (Prev, Next): (CMBitMap*) 0x000002750c2eedd8, (CMBitMap*) 0x000002750c2eee10
 Prev Bits: [0x0000027524bc0000, 0x0000027527b50000)
 Next Bits: [0x0000027527b50000, 0x000002752aae0000)

Polling page: 0x000002750a240000

Metaspace:

Usage:
  Non-class:     17.13 MB capacity,    16.78 MB ( 98%) used,   291.95 KB (  2%) free+waste,    62.31 KB ( <1%) overhead. 
      Class:      2.49 MB capacity,     2.25 MB ( 90%) used,   213.70 KB (  8%) free+waste,    32.19 KB (  1%) overhead. 
       Both:     19.62 MB capacity,    19.03 MB ( 97%) used,   505.65 KB (  3%) free+waste,    94.50 KB ( <1%) overhead. 

Virtual space:
  Non-class space:       18.00 MB reserved,      17.25 MB ( 96%) committed 
      Class space:        1.00 GB reserved,       2.50 MB ( <1%) committed 
             Both:        1.02 GB reserved,      19.75 MB (  2%) committed 

Chunk freelists:
   Non-Class:  61.00 KB
       Class:  8.00 KB
        Both:  69.00 KB

MaxMetaspaceSize: 17179869184.00 GB
CompressedClassSpaceSize: 1.00 GB
Initial GC threshold: 20.80 MB
Current GC threshold: 20.80 MB
CDS: off

CodeHeap 'non-profiled nmethods': size=120064Kb used=583Kb max_used=583Kb free=119480Kb
 bounds [0x000002751c480000, 0x000002751c6f0000, 0x00000275239c0000]
CodeHeap 'profiled nmethods': size=120000Kb used=2833Kb max_used=2833Kb free=117166Kb
 bounds [0x0000027514f50000, 0x0000027515220000, 0x000002751c480000]
CodeHeap 'non-nmethods': size=5696Kb used=1426Kb max_used=1426Kb free=4269Kb
 bounds [0x00000275149c0000, 0x0000027514c30000, 0x0000027514f50000]
 total_blobs=2220 nmethods=1552 adapters=578
 compilation: enabled
              stopped_count=0, restarted_count=0
 full_count=0

Compilation events (20 events):
Event: 2.152 Thread 0x000002752d88b000 1548       3       java.lang.String::compareTo (63 bytes)
Event: 2.153 Thread 0x000002752d88b000 nmethod 1548 0x0000027515212c90 code [0x0000027515212f20, 0x0000027515213938]
Event: 2.153 Thread 0x000002752d88b000 1550       1       javafx.css.Style::getDeclaration (5 bytes)
Event: 2.153 Thread 0x000002752d88b000 nmethod 1550 0x000002751c510890 code [0x000002751c510a40, 0x000002751c510af8]
Event: 2.153 Thread 0x000002752d88b000 1551       1       javafx.css.Declaration::getProperty (5 bytes)
Event: 2.153 Thread 0x000002752d88b000 nmethod 1551 0x000002751c510b90 code [0x000002751c510d40, 0x000002751c510df8]
Event: 2.153 Thread 0x000002752d88b000 1552       3       com.sun.javafx.css.CascadingStyle::getProperty (11 bytes)
Event: 2.153 Thread 0x000002752d88b000 nmethod 1552 0x0000027515213d90 code [0x0000027515213f40, 0x0000027515214098]
Event: 2.153 Thread 0x000002752d88b000 1549       3       java.lang.StringLatin1::compareTo (14 bytes)
Event: 2.153 Thread 0x000002752d88b000 nmethod 1549 0x0000027515214190 code [0x0000027515214340, 0x0000027515214468]
Event: 2.153 Thread 0x000002752d885000 1553       4       java.util.Objects::checkIndex (7 bytes)
Event: 2.154 Thread 0x000002752d885000 nmethod 1553 0x000002751c510e90 code [0x000002751c511020, 0x000002751c511098]
Event: 2.154 Thread 0x000002752d885000 1556       4       java.lang.String::equals (65 bytes)
Event: 2.155 Thread 0x000002752d885000 nmethod 1556 0x000002751c511190 code [0x000002751c511320, 0x000002751c5114f8]
Event: 2.155 Thread 0x000002752d885000 1555       4       java.util.ArrayList::elementData (7 bytes)
Event: 2.156 Thread 0x000002752d885000 nmethod 1555 0x000002751c511590 code [0x000002751c511720, 0x000002751c5117b8]
Event: 2.156 Thread 0x000002752d885000 1554       4       jdk.internal.util.Preconditions::checkIndex (18 bytes)
Event: 2.157 Thread 0x000002752d88b000 1557       1       javafx.css.CssMetaData::getProperty (5 bytes)
Event: 2.157 Thread 0x000002752d88b000 nmethod 1557 0x000002751c511890 code [0x000002751c511a40, 0x000002751c511af8]
Event: 2.157 Thread 0x000002752d885000 nmethod 1554 0x000002751c511b90 code [0x000002751c511d20, 0x000002751c511d98]

GC Heap History (2 events):
Event: 0.835 GC heap before
{Heap before GC invocations=0 (full 0):
 garbage-first heap   total 196608K, used 14336K [0x0000000741c00000, 0x0000000800000000)
  region size 1024K, 14 young (14336K), 0 survivors (0K)
 Metaspace       used 9035K, capacity 9316K, committed 9472K, reserved 1058816K
  class space    used 903K, capacity 1008K, committed 1024K, reserved 1048576K
}
Event: 0.850 GC heap after
{Heap after GC invocations=1 (full 0):
 garbage-first heap   total 196608K, used 2112K [0x0000000741c00000, 0x0000000800000000)
  region size 1024K, 2 young (2048K), 2 survivors (2048K)
 Metaspace       used 9035K, capacity 9316K, committed 9472K, reserved 1058816K
  class space    used 903K, capacity 1008K, committed 1024K, reserved 1048576K
}

Deoptimization events (20 events):
Event: 2.040 Thread 0x000002752dabb800 Uncommon trap: trap_request=0xffffff4d fr.pc=0x000002751c49f2d4 relative=0x0000000000000034
Event: 2.040 Thread 0x000002752dabb800 Uncommon trap: reason=unstable_if action=reinterpret pc=0x000002751c49f2d4 method=java.lang.StringLatin1.canEncode(I)Z @ 4 c2
Event: 2.040 Thread 0x000002752dabb800 DEOPT PACKING pc=0x000002751c49f2d4 sp=0x00000088e3dfa2b0
Event: 2.040 Thread 0x000002752dabb800 DEOPT UNPACKING pc=0x0000027514a0a1af sp=0x00000088e3dfa240 mode 2
Event: 2.153 Thread 0x000002752dabb800 Uncommon trap: trap_request=0xffffffde fr.pc=0x000002751c491ae8 relative=0x00000000000001c8
Event: 2.153 Thread 0x000002752dabb800 Uncommon trap: reason=class_check action=maybe_recompile pc=0x000002751c491ae8 method=java.lang.String.equals(Ljava/lang/Object;)Z @ 8 c2
Event: 2.153 Thread 0x000002752dabb800 DEOPT PACKING pc=0x000002751c491ae8 sp=0x00000088e3dfbb00
Event: 2.153 Thread 0x000002752dabb800 DEOPT UNPACKING pc=0x0000027514a0a1af sp=0x00000088e3dfbaa8 mode 2
Event: 2.153 Thread 0x000002752dabb800 Uncommon trap: trap_request=0xffffffde fr.pc=0x000002751c491ae8 relative=0x00000000000001c8
Event: 2.153 Thread 0x000002752dabb800 Uncommon trap: reason=class_check action=maybe_recompile pc=0x000002751c491ae8 method=java.lang.String.equals(Ljava/lang/Object;)Z @ 8 c2
Event: 2.153 Thread 0x000002752dabb800 DEOPT PACKING pc=0x000002751c491ae8 sp=0x00000088e3dfba10
Event: 2.153 Thread 0x000002752dabb800 DEOPT UNPACKING pc=0x0000027514a0a1af sp=0x00000088e3dfb9b8 mode 2
Event: 2.153 Thread 0x000002752dabb800 Uncommon trap: trap_request=0xffffffde fr.pc=0x000002751c491ae8 relative=0x00000000000001c8
Event: 2.153 Thread 0x000002752dabb800 Uncommon trap: reason=class_check action=maybe_recompile pc=0x000002751c491ae8 method=java.lang.String.equals(Ljava/lang/Object;)Z @ 8 c2
Event: 2.153 Thread 0x000002752dabb800 DEOPT PACKING pc=0x000002751c491ae8 sp=0x00000088e3dfba10
Event: 2.153 Thread 0x000002752dabb800 DEOPT UNPACKING pc=0x0000027514a0a1af sp=0x00000088e3dfb9b8 mode 2
Event: 2.153 Thread 0x000002752dabb800 Uncommon trap: trap_request=0xffffffde fr.pc=0x000002751c491ae8 relative=0x00000000000001c8
Event: 2.153 Thread 0x000002752dabb800 Uncommon trap: reason=class_check action=maybe_recompile pc=0x000002751c491ae8 method=java.lang.String.equals(Ljava/lang/Object;)Z @ 8 c2
Event: 2.153 Thread 0x000002752dabb800 DEOPT PACKING pc=0x000002751c491ae8 sp=0x00000088e3dfba10
Event: 2.153 Thread 0x000002752dabb800 DEOPT UNPACKING pc=0x0000027514a0a1af sp=0x00000088e3dfb9b8 mode 2

Classes redefined (0 events):
No events

Internal exceptions (20 events):
Event: 1.179 Thread 0x000002752f39c800 Exception <a 'java/lang/NoSuchMethodError'{0x000000074d784630}: 'void java.lang.invoke.DirectMethodHandle$Holder.invokeStatic(java.lang.Object, java.lang.Object, java.lang.Object, java.lang.Object)'> (0x000000074d784630) thrown at [./src/hotspot/share/interpreter/linkResolver.cpp, line 773]
Event: 1.282 Thread 0x000002752dabb800 Exception <a 'java/lang/NoSuchMethodError'{0x000000074d4b6068}: 'java.lang.Object java.lang.invoke.DirectMethodHandle$Holder.invokeStatic(java.lang.Object, java.lang.Object, java.lang.Object, java.lang.Object, java.lang.Object, java.lang.Object, java.lang.Object, java.lang.Object, java.lang.Object, java.lang.Object, java.lang.Object, java.lang.Object, java.lang.Object, java.lang.Object, java.lang.Object)'> (0x000000074d4b6068) thrown at [./src/hotspot/share/interpreter/linkResolver.cpp, line 773]
Event: 1.284 Thread 0x000002752dabb800 Exception <a 'java/lang/NoSuchMethodError'{0x000000074d4c3dc8}: 'java.lang.Object java.lang.invoke.DirectMethodHandle$Holder.invokeStatic(java.lang.Object, java.lang.Object, java.lang.Object, java.lang.Object, java.lang.Object, java.lang.Object, java.lang.Object, java.lang.Object, java.lang.Object, java.lang.Object, java.lang.Object, java.lang.Object, java.lang.Object, java.lang.Object, java.lang.Object, java.lang.Object)'> (0x000000074d4c3dc8) thrown at [./src/hotspot/share/interpreter/linkResolver.cpp, l
Event: 1.285 Thread 0x000002752dabb800 Exception <a 'java/lang/NoSuchMethodError'{0x000000074d4d1e30}: 'java.lang.Object java.lang.invoke.DirectMethodHandle$Holder.invokeSpecial(java.lang.Object, java.lang.Object, int, int, java.lang.Object, java.lang.Object, java.lang.Object)'> (0x000000074d4d1e30) thrown at [./src/hotspot/share/interpreter/linkResolver.cpp, line 773]
Event: 1.285 Thread 0x000002752dabb800 Exception <a 'java/lang/NoSuchMethodError'{0x000000074d4d53c0}: 'java.lang.Object java.lang.invoke.DelegatingMethodHandle$Holder.reinvoke_L(java.lang.Object, int, int, java.lang.Object, java.lang.Object, java.lang.Object)'> (0x000000074d4d53c0) thrown at [./src/hotspot/share/interpreter/linkResolver.cpp, line 773]
Event: 1.286 Thread 0x000002752dabb800 Exception <a 'java/lang/NoSuchMethodError'{0x000000074d4d9548}: 'java.lang.Object java.lang.invoke.DirectMethodHandle$Holder.invokeStatic(java.lang.Object, java.lang.Object, java.lang.Object, java.lang.Object, int)'> (0x000000074d4d9548) thrown at [./src/hotspot/share/interpreter/linkResolver.cpp, line 773]
Event: 1.386 Thread 0x000002752dabb800 Exception <a 'java/lang/NoSuchMethodError'{0x000000074d006500}: 'java.lang.Object java.lang.invoke.DirectMethodHandle$Holder.invokeStaticInit(java.lang.Object, java.lang.Object, java.lang.Object, java.lang.Object)'> (0x000000074d006500) thrown at [./src/hotspot/share/interpreter/linkResolver.cpp, line 773]
Event: 1.387 Thread 0x000002752dabb800 Exception <a 'java/lang/NullPointerException'{0x000000074d013e60}> (0x000000074d013e60) thrown at [./src/hotspot/share/interpreter/linkResolver.cpp, line 1358]
Event: 1.387 Thread 0x000002752dabb800 Exception <a 'java/lang/NullPointerException'{0x000000074d013e60}> (0x000000074d013e60) thrown at [./src/hotspot/share/prims/jvm.cpp, line 1310]
Event: 1.401 Thread 0x000002752dabb800 Exception <a 'java/lang/NoSuchMethodError'{0x000000074d08f348}: 'java.lang.Object java.lang.invoke.DirectMethodHandle$Holder.invokeStatic(java.lang.Object, java.lang.Object, java.lang.Object, java.lang.Object, java.lang.Object, java.lang.Object, java.lang.Object, java.lang.Object, java.lang.Object, java.lang.Object, java.lang.Object, int)'> (0x000000074d08f348) thrown at [./src/hotspot/share/interpreter/linkResolver.cpp, line 773]
Event: 1.403 Thread 0x000002752dabb800 Exception <a 'java/lang/NoSuchMethodError'{0x000000074d0ad4f0}: 'java.lang.Object java.lang.invoke.DirectMethodHandle$Holder.invokeStatic(java.lang.Object, java.lang.Object, java.lang.Object, java.lang.Object, java.lang.Object, java.lang.Object, java.lang.Object, java.lang.Object, java.lang.Object, java.lang.Object, java.lang.Object, int, int)'> (0x000000074d0ad4f0) thrown at [./src/hotspot/share/interpreter/linkResolver.cpp, line 773]
Event: 1.405 Thread 0x000002752dabb800 Exception <a 'java/lang/NoSuchMethodError'{0x000000074d0cc528}: 'java.lang.Object java.lang.invoke.DirectMethodHandle$Holder.invokeStatic(java.lang.Object, java.lang.Object, java.lang.Object, java.lang.Object, java.lang.Object, java.lang.Object, java.lang.Object, java.lang.Object, java.lang.Object, java.lang.Object, java.lang.Object, int, int, java.lang.Object)'> (0x000000074d0cc528) thrown at [./src/hotspot/share/interpreter/linkResolver.cpp, line 773]
Event: 1.407 Thread 0x000002752dabb800 Exception <a 'java/lang/NoSuchMethodError'{0x000000074d0ecc88}: 'java.lang.Object java.lang.invoke.DirectMethodHandle$Holder.invokeStatic(java.lang.Object, java.lang.Object, java.lang.Object, java.lang.Object, java.lang.Object, java.lang.Object, java.lang.Object, java.lang.Object, java.lang.Object, java.lang.Object, java.lang.Object, int, int, java.lang.Object, java.lang.Object)'> (0x000000074d0ecc88) thrown at [./src/hotspot/share/interpreter/linkResolver.cpp, line 773]
Event: 1.425 Thread 0x000002752dabb800 Exception <a 'java/lang/NoSuchMethodError'{0x000000074cfabe28}: 'void java.lang.invoke.DirectMethodHandle$Holder.invokeSpecial(java.lang.Object, java.lang.Object, java.lang.Object, java.lang.Object, java.lang.Object)'> (0x000000074cfabe28) thrown at [./src/hotspot/share/interpreter/linkResolver.cpp, line 773]
Event: 1.536 Thread 0x000002752dabb800 Exception <a 'java/lang/NoSuchMethodError'{0x000000074c81c130}: 'void java.lang.invoke.DirectMethodHandle$Holder.invokeStaticInit(java.lang.Object, java.lang.Object)'> (0x000000074c81c130) thrown at [./src/hotspot/share/interpreter/linkResolver.cpp, line 773]
Event: 1.586 Thread 0x000002752dabb800 Exception <a 'java/lang/NoSuchMethodError'{0x000000074c8ca830}: 'java.lang.Object java.lang.invoke.DirectMethodHandle$Holder.invokeStatic(java.lang.Object, java.lang.Object, java.lang.Object, java.lang.Object, java.lang.Object, java.lang.Object, java.lang.Object, java.lang.Object, java.lang.Object, java.lang.Object, java.lang.Object, java.lang.Object, java.lang.Object, int)'> (0x000000074c8ca830) thrown at [./src/hotspot/share/interpreter/linkResolver.cpp, line 773]
Event: 1.592 Thread 0x000002752dabb800 Exception <a 'java/lang/NoSuchMethodError'{0x000000074c8d6ac8}: 'java.lang.Object java.lang.invoke.DirectMethodHandle$Holder.invokeStatic(java.lang.Object, java.lang.Object, java.lang.Object, java.lang.Object, java.lang.Object, java.lang.Object, java.lang.Object, java.lang.Object, java.lang.Object, java.lang.Object, java.lang.Object, java.lang.Object, java.lang.Object, int, int)'> (0x000000074c8d6ac8) thrown at [./src/hotspot/share/interpreter/linkResolver.cpp, line 773]
Event: 1.594 Thread 0x000002752dabb800 Exception <a 'java/lang/NoSuchMethodError'{0x000000074c8e30a0}: 'java.lang.Object java.lang.invoke.DirectMethodHandle$Holder.invokeStatic(java.lang.Object, java.lang.Object, java.lang.Object, java.lang.Object, java.lang.Object, java.lang.Object, java.lang.Object, java.lang.Object, java.lang.Object, java.lang.Object, java.lang.Object, java.lang.Object, java.lang.Object, int, int, java.lang.Object)'> (0x000000074c8e30a0) thrown at [./src/hotspot/share/interpreter/linkResolver.cpp, line 773]
Event: 1.630 Thread 0x000002752dabb800 Exception <a 'java/lang/ClassNotFoundException'{0x000000074c605f80}: sun/util/logging/resources/spi/loggingProvider> (0x000000074c605f80) thrown at [./src/hotspot/share/classfile/systemDictionary.cpp, line 231]
Event: 1.958 Thread 0x000002752dabb800 Exception <a 'java/io/FileNotFoundException'{0x000000074bf7e280}> (0x000000074bf7e280) thrown at [./src/hotspot/share/prims/jni.cpp, line 615]

Events (20 events):
Event: 2.128 loading class com/sun/javafx/tk/quantum/WindowStage
Event: 2.128 loading class com/sun/javafx/tk/quantum/WindowStage done
Event: 2.132 loading class com/sun/javafx/tk/quantum/GlassViewEventHandler
Event: 2.132 loading class com/sun/javafx/tk/quantum/GlassViewEventHandler done
Event: 2.139 loading class com/sun/javafx/tk/quantum/GlassWindowEventHandler
Event: 2.139 loading class com/sun/javafx/tk/quantum/GlassWindowEventHandler done
Event: 2.161 loading class javafx/event/Event
Event: 2.161 loading class javafx/event/Event done
Event: 2.162 loading class javafx/scene/input/MouseEvent
Event: 2.162 loading class javafx/scene/input/MouseEvent done
Event: 2.162 loading class javafx/scene/input/MouseEvent
Event: 2.162 loading class javafx/scene/input/MouseEvent done
Event: 2.162 loading class javafx/event/EventHandler
Event: 2.162 loading class javafx/event/EventHandler done
Event: 2.165 loading class javafx/scene/Node
Event: 2.165 loading class javafx/scene/Node done
Event: 2.166 loading class javafx/scene/Node
Event: 2.166 loading class javafx/scene/Node done
Event: 2.166 loading class javafx/util/Callback
Event: 2.166 loading class javafx/util/Callback done


Dynamic libraries:
0x00007ff6b5ec0000 - 0x00007ff6b5ecd000 	C:\Program Files\AdoptOpenJDK\jdk-11.0.12+7-hotspot\bin\java.exe
0x00007ffb1ce50000 - 0x00007ffb1d045000 	C:\WINDOWS\SYSTEM32\ntdll.dll
0x00007ffb1b450000 - 0x00007ffb1b50d000 	C:\WINDOWS\System32\KERNEL32.DLL
0x00007ffb1a580000 - 0x00007ffb1a849000 	C:\WINDOWS\System32\KERNELBASE.dll
0x00007ffb1a850000 - 0x00007ffb1a950000 	C:\WINDOWS\System32\ucrtbase.dll
0x00007ffb12400000 - 0x00007ffb12417000 	C:\Program Files\AdoptOpenJDK\jdk-11.0.12+7-hotspot\bin\jli.dll
0x00007ffb0f3b0000 - 0x00007ffb0f3c5000 	C:\Program Files\AdoptOpenJDK\jdk-11.0.12+7-hotspot\bin\VCRUNTIME140.dll
0x00007ffb1bbc0000 - 0x00007ffb1bd60000 	C:\WINDOWS\System32\USER32.dll
0x00007ffb1ac90000 - 0x00007ffb1acb2000 	C:\WINDOWS\System32\win32u.dll
0x00007ffb1b390000 - 0x00007ffb1b3ba000 	C:\WINDOWS\System32\GDI32.dll
0x00007ffb0cc30000 - 0x00007ffb0ceca000 	C:\WINDOWS\WinSxS\amd64_microsoft.windows.common-controls_6595b64144ccf1df_6.0.19041.1110_none_60b5254171f9507e\COMCTL32.dll
0x00007ffb1aab0000 - 0x00007ffb1abbb000 	C:\WINDOWS\System32\gdi32full.dll
0x00007ffb1cc40000 - 0x00007ffb1ccde000 	C:\WINDOWS\System32\msvcrt.dll
0x00007ffb1abf0000 - 0x00007ffb1ac8d000 	C:\WINDOWS\System32\msvcp_win.dll
0x00007ffb1ca80000 - 0x00007ffb1cab0000 	C:\WINDOWS\System32\IMM32.DLL
0x00007ffad3960000 - 0x00007ffad39fb000 	C:\Program Files\AdoptOpenJDK\jdk-11.0.12+7-hotspot\bin\msvcp140.dll
0x00007ffab52d0000 - 0x00007ffab5e29000 	C:\Program Files\AdoptOpenJDK\jdk-11.0.12+7-hotspot\bin\server\jvm.dll
0x00007ffb1b150000 - 0x00007ffb1b1fc000 	C:\WINDOWS\System32\ADVAPI32.dll
0x00007ffb1b5e0000 - 0x00007ffb1b67b000 	C:\WINDOWS\System32\sechost.dll
0x00007ffb1cce0000 - 0x00007ffb1ce0a000 	C:\WINDOWS\System32\RPCRT4.dll
0x00007ffb1b3c0000 - 0x00007ffb1b3c8000 	C:\WINDOWS\System32\PSAPI.DLL
0x00007ffb11b30000 - 0x00007ffb11b3a000 	C:\WINDOWS\SYSTEM32\VERSION.dll
0x00007ffb0d140000 - 0x00007ffb0d167000 	C:\WINDOWS\SYSTEM32\WINMM.dll
0x00007ffb06750000 - 0x00007ffb06759000 	C:\WINDOWS\SYSTEM32\WSOCK32.dll
0x00007ffb1b510000 - 0x00007ffb1b57b000 	C:\WINDOWS\System32\ws2_32.DLL
0x00007ffb18e60000 - 0x00007ffb18e72000 	C:\WINDOWS\SYSTEM32\kernel.appcore.dll
0x00007ffb15650000 - 0x00007ffb15660000 	C:\Program Files\AdoptOpenJDK\jdk-11.0.12+7-hotspot\bin\verify.dll
0x00007ffb18ad0000 - 0x00007ffb18cb4000 	C:\WINDOWS\SYSTEM32\DBGHELP.DLL
0x00007ffb020e0000 - 0x00007ffb0210c000 	C:\WINDOWS\SYSTEM32\dbgcore.DLL
0x00007ffb1ae20000 - 0x00007ffb1aea3000 	C:\WINDOWS\System32\bcryptPrimitives.dll
0x00007ffb0edb0000 - 0x00007ffb0edd8000 	C:\Program Files\AdoptOpenJDK\jdk-11.0.12+7-hotspot\bin\java.dll
0x00007ffb14c40000 - 0x00007ffb14c4a000 	C:\Program Files\AdoptOpenJDK\jdk-11.0.12+7-hotspot\bin\jimage.dll
0x00007ffb0eca0000 - 0x00007ffb0ecb7000 	C:\Program Files\AdoptOpenJDK\jdk-11.0.12+7-hotspot\bin\zip.dll
0x00007ffb1c170000 - 0x00007ffb1c8af000 	C:\WINDOWS\System32\SHELL32.dll
0x00007ffb18340000 - 0x00007ffb18ad0000 	C:\WINDOWS\SYSTEM32\windows.storage.dll
0x00007ffb1be10000 - 0x00007ffb1c165000 	C:\WINDOWS\System32\combase.dll
0x00007ffb19fe0000 - 0x00007ffb1a00c000 	C:\WINDOWS\SYSTEM32\Wldp.dll
0x00007ffb1bd60000 - 0x00007ffb1be0e000 	C:\WINDOWS\System32\SHCORE.dll
0x00007ffb1b2d0000 - 0x00007ffb1b325000 	C:\WINDOWS\System32\shlwapi.dll
0x00007ffb1a4c0000 - 0x00007ffb1a4df000 	C:\WINDOWS\SYSTEM32\profapi.dll
0x00007ffb0eae0000 - 0x00007ffb0eaf9000 	C:\Program Files\AdoptOpenJDK\jdk-11.0.12+7-hotspot\bin\net.dll
0x00007ffb0f550000 - 0x00007ffb0f658000 	C:\WINDOWS\SYSTEM32\WINHTTP.dll
0x00007ffb19d40000 - 0x00007ffb19daa000 	C:\WINDOWS\system32\mswsock.dll
0x00007ffb0eaa0000 - 0x00007ffb0eab2000 	C:\Program Files\AdoptOpenJDK\jdk-11.0.12+7-hotspot\bin\nio.dll
0x000002750a280000 - 0x000002750a283000 	D:\Library\Java\javafx-sdk-11.0.2\bin\api-ms-win-core-console-l1-1-0.dll
0x000002750a290000 - 0x000002750a293000 	D:\Library\Java\javafx-sdk-11.0.2\bin\api-ms-win-core-datetime-l1-1-0.dll
0x000002750a2a0000 - 0x000002750a2a3000 	D:\Library\Java\javafx-sdk-11.0.2\bin\api-ms-win-core-debug-l1-1-0.dll
0x000002750a2b0000 - 0x000002750a2b3000 	D:\Library\Java\javafx-sdk-11.0.2\bin\api-ms-win-core-errorhandling-l1-1-0.dll
0x000002750a2c0000 - 0x000002750a2c4000 	D:\Library\Java\javafx-sdk-11.0.2\bin\api-ms-win-core-file-l1-1-0.dll
0x000002750c220000 - 0x000002750c223000 	D:\Library\Java\javafx-sdk-11.0.2\bin\api-ms-win-core-file-l1-2-0.dll
0x000002750c230000 - 0x000002750c233000 	D:\Library\Java\javafx-sdk-11.0.2\bin\api-ms-win-core-file-l2-1-0.dll
0x000002750c240000 - 0x000002750c243000 	D:\Library\Java\javafx-sdk-11.0.2\bin\api-ms-win-core-handle-l1-1-0.dll
0x000002750c250000 - 0x000002750c253000 	D:\Library\Java\javafx-sdk-11.0.2\bin\api-ms-win-core-heap-l1-1-0.dll
0x000002750c260000 - 0x000002750c263000 	D:\Library\Java\javafx-sdk-11.0.2\bin\api-ms-win-core-interlocked-l1-1-0.dll
0x000002750c270000 - 0x000002750c273000 	D:\Library\Java\javafx-sdk-11.0.2\bin\api-ms-win-core-libraryloader-l1-1-0.dll
0x000002752f4e0000 - 0x000002752f4e3000 	D:\Library\Java\javafx-sdk-11.0.2\bin\api-ms-win-core-localization-l1-2-0.dll
0x000002752f4f0000 - 0x000002752f4f3000 	D:\Library\Java\javafx-sdk-11.0.2\bin\api-ms-win-core-memory-l1-1-0.dll
0x000002752f500000 - 0x000002752f503000 	D:\Library\Java\javafx-sdk-11.0.2\bin\api-ms-win-core-namedpipe-l1-1-0.dll
0x000002752f510000 - 0x000002752f513000 	D:\Library\Java\javafx-sdk-11.0.2\bin\api-ms-win-core-processenvironment-l1-1-0.dll
0x000002752f520000 - 0x000002752f523000 	D:\Library\Java\javafx-sdk-11.0.2\bin\api-ms-win-core-processthreads-l1-1-0.dll
0x000002752f530000 - 0x000002752f533000 	D:\Library\Java\javafx-sdk-11.0.2\bin\api-ms-win-core-processthreads-l1-1-1.dll
0x000002752f540000 - 0x000002752f543000 	D:\Library\Java\javafx-sdk-11.0.2\bin\api-ms-win-core-profile-l1-1-0.dll
0x000002752f550000 - 0x000002752f553000 	D:\Library\Java\javafx-sdk-11.0.2\bin\api-ms-win-core-rtlsupport-l1-1-0.dll
0x000002752f560000 - 0x000002752f563000 	D:\Library\Java\javafx-sdk-11.0.2\bin\api-ms-win-core-string-l1-1-0.dll
0x000002752f570000 - 0x000002752f573000 	D:\Library\Java\javafx-sdk-11.0.2\bin\api-ms-win-core-synch-l1-1-0.dll
0x000002752f580000 - 0x000002752f583000 	D:\Library\Java\javafx-sdk-11.0.2\bin\api-ms-win-core-synch-l1-2-0.dll
0x000002752f590000 - 0x000002752f593000 	D:\Library\Java\javafx-sdk-11.0.2\bin\api-ms-win-core-sysinfo-l1-1-0.dll
0x000002752f5a0000 - 0x000002752f5a3000 	D:\Library\Java\javafx-sdk-11.0.2\bin\api-ms-win-core-timezone-l1-1-0.dll
0x000002752f5b0000 - 0x000002752f5b3000 	D:\Library\Java\javafx-sdk-11.0.2\bin\api-ms-win-core-util-l1-1-0.dll
0x000002752f5c0000 - 0x000002752f5c3000 	D:\Library\Java\javafx-sdk-11.0.2\bin\api-ms-win-crt-conio-l1-1-0.dll
0x000002752f5d0000 - 0x000002752f5d4000 	D:\Library\Java\javafx-sdk-11.0.2\bin\api-ms-win-crt-convert-l1-1-0.dll
0x000002752f5e0000 - 0x000002752f5e3000 	D:\Library\Java\javafx-sdk-11.0.2\bin\api-ms-win-crt-environment-l1-1-0.dll
0x000002752f5f0000 - 0x000002752f5f3000 	D:\Library\Java\javafx-sdk-11.0.2\bin\api-ms-win-crt-filesystem-l1-1-0.dll
0x000002752f600000 - 0x000002752f603000 	D:\Library\Java\javafx-sdk-11.0.2\bin\api-ms-win-crt-heap-l1-1-0.dll
0x000002752f610000 - 0x000002752f613000 	D:\Library\Java\javafx-sdk-11.0.2\bin\api-ms-win-crt-locale-l1-1-0.dll
0x000002752f620000 - 0x000002752f625000 	D:\Library\Java\javafx-sdk-11.0.2\bin\api-ms-win-crt-math-l1-1-0.dll
0x000002752f630000 - 0x000002752f635000 	D:\Library\Java\javafx-sdk-11.0.2\bin\api-ms-win-crt-multibyte-l1-1-0.dll
0x000002752f640000 - 0x000002752f650000 	D:\Library\Java\javafx-sdk-11.0.2\bin\api-ms-win-crt-private-l1-1-0.dll
0x000002752f650000 - 0x000002752f653000 	D:\Library\Java\javafx-sdk-11.0.2\bin\api-ms-win-crt-process-l1-1-0.dll
0x000002752f660000 - 0x000002752f664000 	D:\Library\Java\javafx-sdk-11.0.2\bin\api-ms-win-crt-runtime-l1-1-0.dll
0x000002752f670000 - 0x000002752f674000 	D:\Library\Java\javafx-sdk-11.0.2\bin\api-ms-win-crt-stdio-l1-1-0.dll
0x000002752f680000 - 0x000002752f684000 	D:\Library\Java\javafx-sdk-11.0.2\bin\api-ms-win-crt-string-l1-1-0.dll
0x000002752f690000 - 0x000002752f693000 	D:\Library\Java\javafx-sdk-11.0.2\bin\api-ms-win-crt-time-l1-1-0.dll
0x000002752f6a0000 - 0x000002752f6a3000 	D:\Library\Java\javafx-sdk-11.0.2\bin\api-ms-win-crt-utility-l1-1-0.dll
0x00007ffad1d40000 - 0x00007ffad1e3a000 	D:\Library\Java\javafx-sdk-11.0.2\bin\ucrtbase.dll
0x00007ffb123a0000 - 0x00007ffb123b6000 	D:\Library\Java\javafx-sdk-11.0.2\bin\vcruntime140.dll
0x00007ffad38b0000 - 0x00007ffad3956000 	D:\Library\Java\javafx-sdk-11.0.2\bin\msvcp140.dll
0x00007ffadf8c0000 - 0x00007ffadf911000 	D:\Library\Java\javafx-sdk-11.0.2\bin\concrt140.dll
0x00007ffb0f410000 - 0x00007ffb0f433000 	D:\Library\Java\javafx-sdk-11.0.2\bin\prism_d3d.dll
0x00007ffb13de0000 - 0x00007ffb13fae000 	C:\WINDOWS\system32\d3d9.dll
0x00007ffb17b20000 - 0x00007ffb17b4f000 	C:\WINDOWS\SYSTEM32\dwmapi.dll
0x00007ffb17630000 - 0x00007ffb176ce000 	C:\WINDOWS\system32\uxtheme.dll
0x00007ffb1abc0000 - 0x00007ffb1abe7000 	C:\WINDOWS\System32\bcrypt.dll
0x00007ffb1a950000 - 0x00007ffb1aaaf000 	C:\WINDOWS\System32\crypt32.dll
0x00007ffb11ab0000 - 0x00007ffb11ae1000 	C:\WINDOWS\SYSTEM32\cryptnet.dll
0x00007ffb19f50000 - 0x00007ffb19f5c000 	C:\WINDOWS\SYSTEM32\cryptbase.dll
0x00007ffb1adc0000 - 0x00007ffb1ae20000 	C:\WINDOWS\System32\WINTRUST.DLL
0x00007ffb1a160000 - 0x00007ffb1a172000 	C:\WINDOWS\SYSTEM32\MSASN1.dll
0x00007ffb1bba0000 - 0x00007ffb1bbbd000 	C:\WINDOWS\System32\imagehlp.dll
0x00007ffb19f30000 - 0x00007ffb19f48000 	C:\WINDOWS\SYSTEM32\CRYPTSP.dll
0x00007ffb19650000 - 0x00007ffb19684000 	C:\WINDOWS\system32\rsaenh.dll
0x00007ffadfb90000 - 0x00007ffadfbd5000 	D:\Library\Java\javafx-sdk-11.0.2\bin\glass.dll
0x00007ffb1b070000 - 0x00007ffb1b14a000 	C:\WINDOWS\System32\COMDLG32.dll
0x00007ffb1cb10000 - 0x00007ffb1cc3a000 	C:\WINDOWS\System32\ole32.dll
0x00007ffb1b200000 - 0x00007ffb1b2cd000 	C:\WINDOWS\System32\OLEAUT32.dll
0x00007ffb1c960000 - 0x00007ffb1ca75000 	C:\WINDOWS\System32\MSCTF.dll
0x00007ffae4e60000 - 0x00007ffae4f62000 	C:\WINDOWS\System32\DriverStore\FileRepository\nvam.inf_amd64_1cb913a256e10ee4\nvldumdx.dll
0x00007ffab1ec0000 - 0x00007ffab3662000 	C:\WINDOWS\System32\DriverStore\FileRepository\nvam.inf_amd64_1cb913a256e10ee4\nvd3dumx.dll
0x00007ffb19b50000 - 0x00007ffb19b9b000 	C:\WINDOWS\SYSTEM32\powrprof.dll
0x00007ffb199c0000 - 0x00007ffb199d2000 	C:\WINDOWS\SYSTEM32\UMPDC.dll
0x00007ffb18e10000 - 0x00007ffb18e33000 	C:\WINDOWS\SYSTEM32\gpapi.dll
0x00007ffb13d40000 - 0x00007ffb13d7b000 	C:\WINDOWS\SYSTEM32\dxcore.dll
0x00007ffb1ad70000 - 0x00007ffb1adbe000 	C:\WINDOWS\System32\cfgmgr32.dll
0x00007ffaca4c0000 - 0x00007ffaca623000 	C:\WINDOWS\System32\DriverStore\FileRepository\iigd_dch.inf_amd64_a086f01cc7be643a\igdumdim64.dll
0x00007ffab9ff0000 - 0x00007ffabd9f4000 	C:\WINDOWS\System32\DriverStore\FileRepository\iigd_dch.inf_amd64_a086f01cc7be643a\igd9dxva64.dll
0x00007ffb1b680000 - 0x00007ffb1baf2000 	C:\WINDOWS\System32\SETUPAPI.dll
0x00007ffb09f80000 - 0x00007ffb0a1bf000 	C:\WINDOWS\System32\DriverStore\FileRepository\iigd_dch.inf_amd64_a086f01cc7be643a\igdgmm64.dll
0x00007ffb138c0000 - 0x00007ffb138e7000 	C:\WINDOWS\System32\DriverStore\FileRepository\iigd_dch.inf_amd64_a086f01cc7be643a\igdinfo64.dll
0x00007ffb07080000 - 0x00007ffb09ce2000 	C:\WINDOWS\System32\DriverStore\FileRepository\iigd_dch.inf_amd64_a086f01cc7be643a\igc64.dll
0x00007ffaf3980000 - 0x00007ffaf3994000 	D:\Library\Java\javafx-sdk-11.0.2\bin\javafx_font.dll
0x00007ffaec090000 - 0x00007ffaec313000 	C:\WINDOWS\SYSTEM32\dwrite.dll
0x00007ffb1c8b0000 - 0x00007ffb1c959000 	C:\WINDOWS\System32\clbcatq.dll
0x00007ffb0df50000 - 0x00007ffb0e104000 	C:\WINDOWS\SYSTEM32\WindowsCodecs.dll
0x00007ffaf39e0000 - 0x00007ffaf3a1e000 	C:\WINDOWS\system32\dataexchange.dll
0x00007ffb15870000 - 0x00007ffb15ad4000 	C:\WINDOWS\system32\d3d11.dll
0x00007ffb16660000 - 0x00007ffb16846000 	C:\WINDOWS\system32\dcomp.dll
0x00007ffb18e80000 - 0x00007ffb18f74000 	C:\WINDOWS\system32\dxgi.dll
0x00007ffb11f60000 - 0x00007ffb12161000 	C:\WINDOWS\system32\twinapi.appcore.dll

dbghelp: loaded successfully - version: 4.0.5 - missing functions: none
symbol engine: initialized successfully - sym options: 0x614 - pdb path: .;C:\Program Files\AdoptOpenJDK\jdk-11.0.12+7-hotspot\bin;C:\WINDOWS\SYSTEM32;C:\WINDOWS\WinSxS\amd64_microsoft.windows.common-controls_6595b64144ccf1df_6.0.19041.1110_none_60b5254171f9507e;C:\Program Files\AdoptOpenJDK\jdk-11.0.12+7-hotspot\bin\server;D:\Library\Java\javafx-sdk-11.0.2\bin;C:\WINDOWS\System32\DriverStore\FileRepository\nvam.inf_amd64_1cb913a256e10ee4;C:\WINDOWS\System32\DriverStore\FileRepository\iigd_dch.inf_amd64_a086f01cc7be643a;C:\Program Files\Common Files\Microsoft Shared\Ink

VM Arguments:
jvm_args: --module-path=D:/Library/Java/javafx-sdk-11.0.2/lib --add-modules=javafx.controls,javafx.fxml -Dfile.encoding=UTF-8 
java_command: App
java_class_path (initial): D:\Documents\VS code\Java\SchoolManagementSystem\bin;D:\Library\Java\javafx-sdk-11.0.2\lib\javafx.controls.jar;D:\Library\Java\sqljdbc_9.4\enu\mssql-jdbc-9.4.0.jre11.jar;D:\Library\Java\charm-glisten-4.4.1.jar;D:\Library\Java\javafx-sdk-11.0.2\lib\javafx.media.jar;D:\Library\Java\javafx-sdk-11.0.2\lib\javafx.base.jar;D:\Library\Java\javafx-sdk-11.0.2\lib\javafx-swt.jar;D:\Library\Java\javafx-sdk-11.0.2\lib\javafx.fxml.jar;D:\Library\Java\javafx-sdk-11.0.2\lib\javafx.graphics.jar;D:\Library\Java\javafx-sdk-11.0.2\lib\javafx.swing.jar;D:\Library\Java\javafx-sdk-11.0.2\lib\javafx.web.jar
Launcher Type: SUN_STANDARD

[Global flags]
     intx CICompilerCount                          = 3                                         {product} {ergonomic}
     uint ConcGCThreads                            = 1                                         {product} {ergonomic}
     uint G1ConcRefinementThreads                  = 4                                         {product} {ergonomic}
   size_t G1HeapRegionSize                         = 1048576                                   {product} {ergonomic}
    uintx GCDrainStackTargetSize                   = 64                                        {product} {ergonomic}
   size_t InitialHeapSize                          = 201326592                                 {product} {ergonomic}
   size_t MarkStackSize                            = 4194304                                   {product} {ergonomic}
   size_t MaxHeapSize                              = 3191865344                                {product} {ergonomic}
   size_t MaxNewSize                               = 1914699776                                {product} {ergonomic}
   size_t MinHeapDeltaBytes                        = 1048576                                   {product} {ergonomic}
    uintx NonNMethodCodeHeapSize                   = 5830732                                {pd product} {ergonomic}
    uintx NonProfiledCodeHeapSize                  = 122913754                              {pd product} {ergonomic}
    uintx ProfiledCodeHeapSize                     = 122913754                              {pd product} {ergonomic}
    uintx ReservedCodeCacheSize                    = 251658240                              {pd product} {ergonomic}
     bool SegmentedCodeCache                       = true                                      {product} {ergonomic}
     bool UseCompressedClassPointers               = true                                 {lp64_product} {ergonomic}
     bool UseCompressedOops                        = true                                 {lp64_product} {ergonomic}
     bool UseG1GC                                  = true                                      {product} {ergonomic}
     bool UseLargePagesIndividualAllocation        = false                                  {pd product} {ergonomic}

Logging:
Log output configuration:
 #0: stdout all=warning uptime,level,tags
 #1: stderr all=off uptime,level,tags

Environment Variables:
JAVA_HOME=C:\Program Files\AdoptOpenJDK\jdk-11.0.12+7-hotspot
PATH=C:\Program Files\AdoptOpenJDK\jdk-11.0.12+7-hotspot\bin;C:\Program Files (x86)\Common Files\Oracle\Java\javapath;C:\WINDOWS\system32;C:\WINDOWS;C:\WINDOWS\System32\Wbem;C:\WINDOWS\System32\WindowsPowerShell\v1.0\;C:\WINDOWS\System32\OpenSSH\;C:\Program Files\Intel\WiFi\bin\;C:\Program Files\Common Files\Intel\WirelessCommon\;C:\Program Files (x86)\Microsoft SQL Server\150\DTS\Binn\;C:\Program Files\Java\jre1.8.0_251\bin;C:\Program Files\Java\jdk-14.0.1\bin;C:\Program Files\Microsoft SQL Server\Client SDK\ODBC\170\Tools\Binn\;C:\Program Files (x86)\Microsoft SQL Server\150\Tools\Binn\;C:\Program Files\Microsoft SQL Server\150\Tools\Binn\;C:\Program Files\Microsoft SQL Server\150\DTS\Binn\;C:\Windows\System32;C:\Program Files\Java\jdk-13.0.2\bin;C:\Users\Admin\AppData\Local\Programs\Python\Python38-32;C:\Program Files (x86)\Graphviz2.38\bin;C:\Users\Admin\AppData\Local\Programs\Python\Python38-32\Scripts;C:\Program Files\nodejs\;C:\Program Files\Microsoft SQL Server\130\Tools\Binn\;C:\Program Files\Git\cmd;C:\Grandle\gradle-6.7.1\bin;C:\Program Files (x86)\HP\IdrsOCR_15.5.1219.0\;C:\Program Files\HP\IdrsOCR_15.5.1219.0\;C:\Program Files\dotnet\;D:\Library\Java\sqljdbc_9.4\enu\auth\x64;C:\Users\Admin\AppData\Local\Microsoft\WindowsApps;C:\Windows\System32;C:\Users\Admin\AppData\Local\GitHubDesktop\bin;C:\Users\Admin\AppData\Roaming\npm;C:\Users\Admin\AppData\Local\Microsoft\WindowsApps;;D:\App\Microsoft VS Code\bin;C:\Users\Admin\.dotnet\tools
USERNAME=Admin
LANG=en_US.UTF-8
OS=Windows_NT
PROCESSOR_IDENTIFIER=Intel64 Family 6 Model 142 Stepping 9, GenuineIntel



---------------  S Y S T E M  ---------------

OS: Windows 10 , 64 bit Build 19041 (10.0.19041.1151)
OS uptime: 6 days 18:23 hours

CPU:total 4 (initial active 4) (2 cores per cpu, 2 threads per core) family 6 model 142 stepping 9 microcode 0xde, cmov, cx8, fxsr, mmx, sse, sse2, sse3, ssse3, sse4.1, sse4.2, popcnt, avx, avx2, aes, clmul, erms, 3dnowpref, lzcnt, ht, tsc, tscinvbit, bmi1, bmi2, adx, fma

Memory: 4k page, system-wide physical 12171M (1870M free)
TotalPageFile size 25578M (AvailPageFile size 7M)
current process WorkingSet (physical memory assigned to process): 145M, peak: 151M
current process commit charge ("private bytes"): 347M, peak: 353M

vm_info: OpenJDK 64-Bit Server VM (11.0.12+7) for windows-amd64 JRE (11.0.12+7), built on Jul 21 2021 16:23:49 by "" with unknown MS VC++:1916

END.
